2023-02-11 19:04:54,218 - mmdet - INFO - Environment info:
------------------------------------------------------------
sys.platform: linux
Python: 3.8.16 (default, Jan 17 2023, 23:13:24) [GCC 11.2.0]
CUDA available: True
GPU 0: Tesla V100-SXM2-32GB
CUDA_HOME: /data/apps/cuda/11.1
NVCC: Cuda compilation tools, release 11.1, V11.1.105
GCC: gcc (GCC) 7.3.0
PyTorch: 1.10.1+cu111
PyTorch compiling details: PyTorch built with:
  - GCC 7.3
  - C++ Version: 201402
  - Intel(R) Math Kernel Library Version 2020.0.0 Product Build 20191122 for Intel(R) 64 architecture applications
  - Intel(R) MKL-DNN v2.2.3 (Git Hash 7336ca9f055cf1bfa13efb658fe15dc9b41f0740)
  - OpenMP 201511 (a.k.a. OpenMP 4.5)
  - LAPACK is enabled (usually provided by MKL)
  - NNPACK is enabled
  - CPU capability usage: AVX512
  - CUDA Runtime 11.1
  - NVCC architecture flags: -gencode;arch=compute_37,code=sm_37;-gencode;arch=compute_50,code=sm_50;-gencode;arch=compute_60,code=sm_60;-gencode;arch=compute_70,code=sm_70;-gencode;arch=compute_75,code=sm_75;-gencode;arch=compute_80,code=sm_80;-gencode;arch=compute_86,code=sm_86
  - CuDNN 8.0.5
  - Magma 2.5.2
  - Build settings: BLAS_INFO=mkl, BUILD_TYPE=Release, CUDA_VERSION=11.1, CUDNN_VERSION=8.0.5, CXX_COMPILER=/opt/rh/devtoolset-7/root/usr/bin/c++, CXX_FLAGS= -Wno-deprecated -fvisibility-inlines-hidden -DUSE_PTHREADPOOL -fopenmp -DNDEBUG -DUSE_KINETO -DUSE_FBGEMM -DUSE_QNNPACK -DUSE_PYTORCH_QNNPACK -DUSE_XNNPACK -DSYMBOLICATE_MOBILE_DEBUG_HANDLE -DEDGE_PROFILER_USE_KINETO -O2 -fPIC -Wno-narrowing -Wall -Wextra -Werror=return-type -Wno-missing-field-initializers -Wno-type-limits -Wno-array-bounds -Wno-unknown-pragmas -Wno-sign-compare -Wno-unused-parameter -Wno-unused-variable -Wno-unused-function -Wno-unused-result -Wno-unused-local-typedefs -Wno-strict-overflow -Wno-strict-aliasing -Wno-error=deprecated-declarations -Wno-stringop-overflow -Wno-psabi -Wno-error=pedantic -Wno-error=redundant-decls -Wno-error=old-style-cast -fdiagnostics-color=always -faligned-new -Wno-unused-but-set-variable -Wno-maybe-uninitialized -fno-math-errno -fno-trapping-math -Werror=format -Wno-stringop-overflow, LAPACK_INFO=mkl, PERF_WITH_AVX=1, PERF_WITH_AVX2=1, PERF_WITH_AVX512=1, TORCH_VERSION=1.10.1, USE_CUDA=ON, USE_CUDNN=ON, USE_EXCEPTION_PTR=1, USE_GFLAGS=OFF, USE_GLOG=OFF, USE_MKL=ON, USE_MKLDNN=ON, USE_MPI=OFF, USE_NCCL=ON, USE_NNPACK=ON, USE_OPENMP=ON, 

TorchVision: 0.11.2+cu111
OpenCV: 4.7.0
MMCV: 1.7.0
MMCV Compiler: GCC 7.3
MMCV CUDA Compiler: 11.1
MMDetection: 2.28.1+c14dd6c
------------------------------------------------------------

2023-02-11 19:04:55,578 - mmdet - INFO - Distributed training: False
2023-02-11 19:04:56,858 - mmdet - INFO - Config:
checkpoint_config = dict(interval=1)
log_config = dict(interval=50, hooks=[dict(type='TextLoggerHook')])
custom_hooks = [dict(type='NumClassCheckHook')]
dist_params = dict(backend='nccl')
log_level = 'INFO'
load_from = '/data/home/scv9034/run/checkpoints/yolov3_mobilenetv2_mstrain-416_300e_coco_20210718_010823-f68a07b3.pth'
resume_from = None
workflow = [('train', 1)]
opencv_num_threads = 0
mp_start_method = 'fork'
auto_scale_lr = dict(enable=False, base_batch_size=192)
model = dict(
    type='YOLOV3',
    backbone=dict(
        type='MobileNetV2',
        out_indices=(2, 4, 6),
        act_cfg=dict(type='LeakyReLU', negative_slope=0.1),
        init_cfg=dict(
            type='Pretrained', checkpoint='open-mmlab://mmdet/mobilenet_v2')),
    neck=dict(
        type='YOLOV3Neck',
        num_scales=3,
        in_channels=[320, 96, 32],
        out_channels=[96, 96, 96]),
    bbox_head=dict(
        type='YOLOV3Head',
        num_classes=20,
        in_channels=[96, 96, 96],
        out_channels=[96, 96, 96],
        anchor_generator=dict(
            type='YOLOAnchorGenerator',
            base_sizes=[[(116, 90), (156, 198), (373, 326)],
                        [(30, 61), (62, 45), (59, 119)],
                        [(10, 13), (16, 30), (33, 23)]],
            strides=[32, 16, 8]),
        bbox_coder=dict(type='YOLOBBoxCoder'),
        featmap_strides=[32, 16, 8],
        loss_cls=dict(
            type='CrossEntropyLoss',
            use_sigmoid=True,
            loss_weight=1.0,
            reduction='sum'),
        loss_conf=dict(
            type='CrossEntropyLoss',
            use_sigmoid=True,
            loss_weight=1.0,
            reduction='sum'),
        loss_xy=dict(
            type='CrossEntropyLoss',
            use_sigmoid=True,
            loss_weight=2.0,
            reduction='sum'),
        loss_wh=dict(type='MSELoss', loss_weight=2.0, reduction='sum')),
    train_cfg=dict(
        assigner=dict(
            type='GridAssigner',
            pos_iou_thr=0.5,
            neg_iou_thr=0.5,
            min_pos_iou=0)),
    test_cfg=dict(
        nms_pre=1000,
        min_bbox_size=0,
        score_thr=0.05,
        conf_thr=0.005,
        nms=dict(type='nms', iou_threshold=0.45),
        max_per_img=100))
dataset_type = 'CocoDataset'
data_root = 'data/coco/'
img_norm_cfg = dict(
    mean=[123.675, 116.28, 103.53], std=[58.395, 57.12, 57.375], to_rgb=True)
train_pipeline = [
    dict(type='LoadImageFromFile'),
    dict(type='LoadAnnotations', with_bbox=True),
    dict(
        type='Expand',
        mean=[123.675, 116.28, 103.53],
        to_rgb=True,
        ratio_range=(1, 2)),
    dict(
        type='MinIoURandomCrop',
        min_ious=(0.4, 0.5, 0.6, 0.7, 0.8, 0.9),
        min_crop_size=0.3),
    dict(
        type='Resize',
        img_scale=[(320, 320), (416, 416)],
        multiscale_mode='range',
        keep_ratio=True),
    dict(type='RandomFlip', flip_ratio=0.5),
    dict(type='PhotoMetricDistortion'),
    dict(
        type='Normalize',
        mean=[123.675, 116.28, 103.53],
        std=[58.395, 57.12, 57.375],
        to_rgb=True),
    dict(type='Pad', size_divisor=32),
    dict(type='DefaultFormatBundle'),
    dict(type='Collect', keys=['img', 'gt_bboxes', 'gt_labels'])
]
test_pipeline = [
    dict(type='LoadImageFromFile'),
    dict(
        type='MultiScaleFlipAug',
        img_scale=(416, 416),
        flip=False,
        transforms=[
            dict(type='Resize', keep_ratio=True),
            dict(type='RandomFlip'),
            dict(
                type='Normalize',
                mean=[123.675, 116.28, 103.53],
                std=[58.395, 57.12, 57.375],
                to_rgb=True),
            dict(type='Pad', size_divisor=32),
            dict(type='DefaultFormatBundle'),
            dict(type='Collect', keys=['img'])
        ])
]
data = dict(
    samples_per_gpu=24,
    workers_per_gpu=4,
    train=dict(
        type='RepeatDataset',
        times=10,
        dataset=dict(
            type='CocoDataset',
            ann_file='/data/home/scv9034/run/coco_train.json',
            img_prefix=
            '/data/home/scv9034/run/VOCtrain_val_img/VOCtrain_val_img/train_img/',
            pipeline=[
                dict(type='LoadImageFromFile'),
                dict(type='LoadAnnotations', with_bbox=True),
                dict(
                    type='Expand',
                    mean=[123.675, 116.28, 103.53],
                    to_rgb=True,
                    ratio_range=(1, 2)),
                dict(
                    type='MinIoURandomCrop',
                    min_ious=(0.4, 0.5, 0.6, 0.7, 0.8, 0.9),
                    min_crop_size=0.3),
                dict(
                    type='Resize',
                    img_scale=[(320, 320), (416, 416)],
                    multiscale_mode='range',
                    keep_ratio=True),
                dict(type='RandomFlip', flip_ratio=0.5),
                dict(type='PhotoMetricDistortion'),
                dict(
                    type='Normalize',
                    mean=[123.675, 116.28, 103.53],
                    std=[58.395, 57.12, 57.375],
                    to_rgb=True),
                dict(type='Pad', size_divisor=32),
                dict(type='DefaultFormatBundle'),
                dict(type='Collect', keys=['img', 'gt_bboxes', 'gt_labels'])
            ],
            classes=('person', 'aeroplane', 'tvmonitor', 'cat', 'chair',
                     'train', 'boat', 'dog', 'bird', 'bicycle', 'bottle',
                     'sheep', 'diningtable', 'sofa', 'horse', 'motorbike',
                     'cow', 'car', 'bus', 'pottedplant'))),
    val=dict(
        type='CocoDataset',
        ann_file='/data/home/scv9034/run/coco_test.json',
        img_prefix=
        '/data/home/scv9034/run/VOCtrain_val_img/VOCtrain_val_img/val_img/',
        pipeline=[
            dict(type='LoadImageFromFile'),
            dict(
                type='MultiScaleFlipAug',
                img_scale=(416, 416),
                flip=False,
                transforms=[
                    dict(type='Resize', keep_ratio=True),
                    dict(type='RandomFlip'),
                    dict(
                        type='Normalize',
                        mean=[123.675, 116.28, 103.53],
                        std=[58.395, 57.12, 57.375],
                        to_rgb=True),
                    dict(type='Pad', size_divisor=32),
                    dict(type='DefaultFormatBundle'),
                    dict(type='Collect', keys=['img'])
                ])
        ],
        classes=('person', 'aeroplane', 'tvmonitor', 'cat', 'chair', 'train',
                 'boat', 'dog', 'bird', 'bicycle', 'bottle', 'sheep',
                 'diningtable', 'sofa', 'horse', 'motorbike', 'cow', 'car',
                 'bus', 'pottedplant')),
    test=dict(
        type='CocoDataset',
        ann_file='/data/home/scv9034/run/coco_test.json',
        img_prefix=
        '/data/home/scv9034/run/VOCtrain_val_img/VOCtrain_val_img/val_img/',
        pipeline=[
            dict(type='LoadImageFromFile'),
            dict(
                type='MultiScaleFlipAug',
                img_scale=(416, 416),
                flip=False,
                transforms=[
                    dict(type='Resize', keep_ratio=True),
                    dict(type='RandomFlip'),
                    dict(
                        type='Normalize',
                        mean=[123.675, 116.28, 103.53],
                        std=[58.395, 57.12, 57.375],
                        to_rgb=True),
                    dict(type='Pad', size_divisor=32),
                    dict(type='DefaultFormatBundle'),
                    dict(type='Collect', keys=['img'])
                ])
        ],
        classes=('person', 'aeroplane', 'tvmonitor', 'cat', 'chair', 'train',
                 'boat', 'dog', 'bird', 'bicycle', 'bottle', 'sheep',
                 'diningtable', 'sofa', 'horse', 'motorbike', 'cow', 'car',
                 'bus', 'pottedplant')))
optimizer = dict(type='SGD', lr=0.003, momentum=0.9, weight_decay=0.0005)
optimizer_config = dict(grad_clip=dict(max_norm=35, norm_type=2))
lr_config = dict(
    policy='step',
    warmup='linear',
    warmup_iters=4000,
    warmup_ratio=0.0001,
    step=[24, 28])
runner = dict(type='EpochBasedRunner', max_epochs=8)
evaluation = dict(interval=1, metric=['bbox'])
find_unused_parameters = True
work_dir = 'VOCdataset'
auto_resume = False
gpu_ids = [0]

2023-02-11 19:04:56,861 - mmdet - INFO - Set random seed to 284518902, deterministic: False
2023-02-11 19:04:56,961 - mmdet - INFO - initialize MobileNetV2 with init_cfg {'type': 'Pretrained', 'checkpoint': 'open-mmlab://mmdet/mobilenet_v2'}
Name of parameter - Initialization information

backbone.conv1.conv.weight - torch.Size([32, 3, 3, 3]): 
PretrainedInit: load from open-mmlab://mmdet/mobilenet_v2 

backbone.conv1.bn.weight - torch.Size([32]): 
PretrainedInit: load from open-mmlab://mmdet/mobilenet_v2 

backbone.conv1.bn.bias - torch.Size([32]): 
PretrainedInit: load from open-mmlab://mmdet/mobilenet_v2 

backbone.layer1.0.depthwise_conv.conv.weight - torch.Size([32, 1, 3, 3]): 
PretrainedInit: load from open-mmlab://mmdet/mobilenet_v2 

backbone.layer1.0.depthwise_conv.bn.weight - torch.Size([32]): 
PretrainedInit: load from open-mmlab://mmdet/mobilenet_v2 

backbone.layer1.0.depthwise_conv.bn.bias - torch.Size([32]): 
PretrainedInit: load from open-mmlab://mmdet/mobilenet_v2 

backbone.layer1.0.linear_conv.conv.weight - torch.Size([16, 32, 1, 1]): 
PretrainedInit: load from open-mmlab://mmdet/mobilenet_v2 

backbone.layer1.0.linear_conv.bn.weight - torch.Size([16]): 
PretrainedInit: load from open-mmlab://mmdet/mobilenet_v2 

backbone.layer1.0.linear_conv.bn.bias - torch.Size([16]): 
PretrainedInit: load from open-mmlab://mmdet/mobilenet_v2 

backbone.layer2.0.expand_conv.conv.weight - torch.Size([96, 16, 1, 1]): 
PretrainedInit: load from open-mmlab://mmdet/mobilenet_v2 

backbone.layer2.0.expand_conv.bn.weight - torch.Size([96]): 
PretrainedInit: load from open-mmlab://mmdet/mobilenet_v2 

backbone.layer2.0.expand_conv.bn.bias - torch.Size([96]): 
PretrainedInit: load from open-mmlab://mmdet/mobilenet_v2 

backbone.layer2.0.depthwise_conv.conv.weight - torch.Size([96, 1, 3, 3]): 
PretrainedInit: load from open-mmlab://mmdet/mobilenet_v2 

backbone.layer2.0.depthwise_conv.bn.weight - torch.Size([96]): 
PretrainedInit: load from open-mmlab://mmdet/mobilenet_v2 

backbone.layer2.0.depthwise_conv.bn.bias - torch.Size([96]): 
PretrainedInit: load from open-mmlab://mmdet/mobilenet_v2 

backbone.layer2.0.linear_conv.conv.weight - torch.Size([24, 96, 1, 1]): 
PretrainedInit: load from open-mmlab://mmdet/mobilenet_v2 

backbone.layer2.0.linear_conv.bn.weight - torch.Size([24]): 
PretrainedInit: load from open-mmlab://mmdet/mobilenet_v2 

backbone.layer2.0.linear_conv.bn.bias - torch.Size([24]): 
PretrainedInit: load from open-mmlab://mmdet/mobilenet_v2 

backbone.layer2.1.expand_conv.conv.weight - torch.Size([144, 24, 1, 1]): 
PretrainedInit: load from open-mmlab://mmdet/mobilenet_v2 

backbone.layer2.1.expand_conv.bn.weight - torch.Size([144]): 
PretrainedInit: load from open-mmlab://mmdet/mobilenet_v2 

backbone.layer2.1.expand_conv.bn.bias - torch.Size([144]): 
PretrainedInit: load from open-mmlab://mmdet/mobilenet_v2 

backbone.layer2.1.depthwise_conv.conv.weight - torch.Size([144, 1, 3, 3]): 
PretrainedInit: load from open-mmlab://mmdet/mobilenet_v2 

backbone.layer2.1.depthwise_conv.bn.weight - torch.Size([144]): 
PretrainedInit: load from open-mmlab://mmdet/mobilenet_v2 

backbone.layer2.1.depthwise_conv.bn.bias - torch.Size([144]): 
PretrainedInit: load from open-mmlab://mmdet/mobilenet_v2 

backbone.layer2.1.linear_conv.conv.weight - torch.Size([24, 144, 1, 1]): 
PretrainedInit: load from open-mmlab://mmdet/mobilenet_v2 

backbone.layer2.1.linear_conv.bn.weight - torch.Size([24]): 
PretrainedInit: load from open-mmlab://mmdet/mobilenet_v2 

backbone.layer2.1.linear_conv.bn.bias - torch.Size([24]): 
PretrainedInit: load from open-mmlab://mmdet/mobilenet_v2 

backbone.layer3.0.expand_conv.conv.weight - torch.Size([144, 24, 1, 1]): 
PretrainedInit: load from open-mmlab://mmdet/mobilenet_v2 

backbone.layer3.0.expand_conv.bn.weight - torch.Size([144]): 
PretrainedInit: load from open-mmlab://mmdet/mobilenet_v2 

backbone.layer3.0.expand_conv.bn.bias - torch.Size([144]): 
PretrainedInit: load from open-mmlab://mmdet/mobilenet_v2 

backbone.layer3.0.depthwise_conv.conv.weight - torch.Size([144, 1, 3, 3]): 
PretrainedInit: load from open-mmlab://mmdet/mobilenet_v2 

backbone.layer3.0.depthwise_conv.bn.weight - torch.Size([144]): 
PretrainedInit: load from open-mmlab://mmdet/mobilenet_v2 

backbone.layer3.0.depthwise_conv.bn.bias - torch.Size([144]): 
PretrainedInit: load from open-mmlab://mmdet/mobilenet_v2 

backbone.layer3.0.linear_conv.conv.weight - torch.Size([32, 144, 1, 1]): 
PretrainedInit: load from open-mmlab://mmdet/mobilenet_v2 

backbone.layer3.0.linear_conv.bn.weight - torch.Size([32]): 
PretrainedInit: load from open-mmlab://mmdet/mobilenet_v2 

backbone.layer3.0.linear_conv.bn.bias - torch.Size([32]): 
PretrainedInit: load from open-mmlab://mmdet/mobilenet_v2 

backbone.layer3.1.expand_conv.conv.weight - torch.Size([192, 32, 1, 1]): 
PretrainedInit: load from open-mmlab://mmdet/mobilenet_v2 

backbone.layer3.1.expand_conv.bn.weight - torch.Size([192]): 
PretrainedInit: load from open-mmlab://mmdet/mobilenet_v2 

backbone.layer3.1.expand_conv.bn.bias - torch.Size([192]): 
PretrainedInit: load from open-mmlab://mmdet/mobilenet_v2 

backbone.layer3.1.depthwise_conv.conv.weight - torch.Size([192, 1, 3, 3]): 
PretrainedInit: load from open-mmlab://mmdet/mobilenet_v2 

backbone.layer3.1.depthwise_conv.bn.weight - torch.Size([192]): 
PretrainedInit: load from open-mmlab://mmdet/mobilenet_v2 

backbone.layer3.1.depthwise_conv.bn.bias - torch.Size([192]): 
PretrainedInit: load from open-mmlab://mmdet/mobilenet_v2 

backbone.layer3.1.linear_conv.conv.weight - torch.Size([32, 192, 1, 1]): 
PretrainedInit: load from open-mmlab://mmdet/mobilenet_v2 

backbone.layer3.1.linear_conv.bn.weight - torch.Size([32]): 
PretrainedInit: load from open-mmlab://mmdet/mobilenet_v2 

backbone.layer3.1.linear_conv.bn.bias - torch.Size([32]): 
PretrainedInit: load from open-mmlab://mmdet/mobilenet_v2 

backbone.layer3.2.expand_conv.conv.weight - torch.Size([192, 32, 1, 1]): 
PretrainedInit: load from open-mmlab://mmdet/mobilenet_v2 

backbone.layer3.2.expand_conv.bn.weight - torch.Size([192]): 
PretrainedInit: load from open-mmlab://mmdet/mobilenet_v2 

backbone.layer3.2.expand_conv.bn.bias - torch.Size([192]): 
PretrainedInit: load from open-mmlab://mmdet/mobilenet_v2 

backbone.layer3.2.depthwise_conv.conv.weight - torch.Size([192, 1, 3, 3]): 
PretrainedInit: load from open-mmlab://mmdet/mobilenet_v2 

backbone.layer3.2.depthwise_conv.bn.weight - torch.Size([192]): 
PretrainedInit: load from open-mmlab://mmdet/mobilenet_v2 

backbone.layer3.2.depthwise_conv.bn.bias - torch.Size([192]): 
PretrainedInit: load from open-mmlab://mmdet/mobilenet_v2 

backbone.layer3.2.linear_conv.conv.weight - torch.Size([32, 192, 1, 1]): 
PretrainedInit: load from open-mmlab://mmdet/mobilenet_v2 

backbone.layer3.2.linear_conv.bn.weight - torch.Size([32]): 
PretrainedInit: load from open-mmlab://mmdet/mobilenet_v2 

backbone.layer3.2.linear_conv.bn.bias - torch.Size([32]): 
PretrainedInit: load from open-mmlab://mmdet/mobilenet_v2 

backbone.layer4.0.expand_conv.conv.weight - torch.Size([192, 32, 1, 1]): 
PretrainedInit: load from open-mmlab://mmdet/mobilenet_v2 

backbone.layer4.0.expand_conv.bn.weight - torch.Size([192]): 
PretrainedInit: load from open-mmlab://mmdet/mobilenet_v2 

backbone.layer4.0.expand_conv.bn.bias - torch.Size([192]): 
PretrainedInit: load from open-mmlab://mmdet/mobilenet_v2 

backbone.layer4.0.depthwise_conv.conv.weight - torch.Size([192, 1, 3, 3]): 
PretrainedInit: load from open-mmlab://mmdet/mobilenet_v2 

backbone.layer4.0.depthwise_conv.bn.weight - torch.Size([192]): 
PretrainedInit: load from open-mmlab://mmdet/mobilenet_v2 

backbone.layer4.0.depthwise_conv.bn.bias - torch.Size([192]): 
PretrainedInit: load from open-mmlab://mmdet/mobilenet_v2 

backbone.layer4.0.linear_conv.conv.weight - torch.Size([64, 192, 1, 1]): 
PretrainedInit: load from open-mmlab://mmdet/mobilenet_v2 

backbone.layer4.0.linear_conv.bn.weight - torch.Size([64]): 
PretrainedInit: load from open-mmlab://mmdet/mobilenet_v2 

backbone.layer4.0.linear_conv.bn.bias - torch.Size([64]): 
PretrainedInit: load from open-mmlab://mmdet/mobilenet_v2 

backbone.layer4.1.expand_conv.conv.weight - torch.Size([384, 64, 1, 1]): 
PretrainedInit: load from open-mmlab://mmdet/mobilenet_v2 

backbone.layer4.1.expand_conv.bn.weight - torch.Size([384]): 
PretrainedInit: load from open-mmlab://mmdet/mobilenet_v2 

backbone.layer4.1.expand_conv.bn.bias - torch.Size([384]): 
PretrainedInit: load from open-mmlab://mmdet/mobilenet_v2 

backbone.layer4.1.depthwise_conv.conv.weight - torch.Size([384, 1, 3, 3]): 
PretrainedInit: load from open-mmlab://mmdet/mobilenet_v2 

backbone.layer4.1.depthwise_conv.bn.weight - torch.Size([384]): 
PretrainedInit: load from open-mmlab://mmdet/mobilenet_v2 

backbone.layer4.1.depthwise_conv.bn.bias - torch.Size([384]): 
PretrainedInit: load from open-mmlab://mmdet/mobilenet_v2 

backbone.layer4.1.linear_conv.conv.weight - torch.Size([64, 384, 1, 1]): 
PretrainedInit: load from open-mmlab://mmdet/mobilenet_v2 

backbone.layer4.1.linear_conv.bn.weight - torch.Size([64]): 
PretrainedInit: load from open-mmlab://mmdet/mobilenet_v2 

backbone.layer4.1.linear_conv.bn.bias - torch.Size([64]): 
PretrainedInit: load from open-mmlab://mmdet/mobilenet_v2 

backbone.layer4.2.expand_conv.conv.weight - torch.Size([384, 64, 1, 1]): 
PretrainedInit: load from open-mmlab://mmdet/mobilenet_v2 

backbone.layer4.2.expand_conv.bn.weight - torch.Size([384]): 
PretrainedInit: load from open-mmlab://mmdet/mobilenet_v2 

backbone.layer4.2.expand_conv.bn.bias - torch.Size([384]): 
PretrainedInit: load from open-mmlab://mmdet/mobilenet_v2 

backbone.layer4.2.depthwise_conv.conv.weight - torch.Size([384, 1, 3, 3]): 
PretrainedInit: load from open-mmlab://mmdet/mobilenet_v2 

backbone.layer4.2.depthwise_conv.bn.weight - torch.Size([384]): 
PretrainedInit: load from open-mmlab://mmdet/mobilenet_v2 

backbone.layer4.2.depthwise_conv.bn.bias - torch.Size([384]): 
PretrainedInit: load from open-mmlab://mmdet/mobilenet_v2 

backbone.layer4.2.linear_conv.conv.weight - torch.Size([64, 384, 1, 1]): 
PretrainedInit: load from open-mmlab://mmdet/mobilenet_v2 

backbone.layer4.2.linear_conv.bn.weight - torch.Size([64]): 
PretrainedInit: load from open-mmlab://mmdet/mobilenet_v2 

backbone.layer4.2.linear_conv.bn.bias - torch.Size([64]): 
PretrainedInit: load from open-mmlab://mmdet/mobilenet_v2 

backbone.layer4.3.expand_conv.conv.weight - torch.Size([384, 64, 1, 1]): 
PretrainedInit: load from open-mmlab://mmdet/mobilenet_v2 

backbone.layer4.3.expand_conv.bn.weight - torch.Size([384]): 
PretrainedInit: load from open-mmlab://mmdet/mobilenet_v2 

backbone.layer4.3.expand_conv.bn.bias - torch.Size([384]): 
PretrainedInit: load from open-mmlab://mmdet/mobilenet_v2 

backbone.layer4.3.depthwise_conv.conv.weight - torch.Size([384, 1, 3, 3]): 
PretrainedInit: load from open-mmlab://mmdet/mobilenet_v2 

backbone.layer4.3.depthwise_conv.bn.weight - torch.Size([384]): 
PretrainedInit: load from open-mmlab://mmdet/mobilenet_v2 

backbone.layer4.3.depthwise_conv.bn.bias - torch.Size([384]): 
PretrainedInit: load from open-mmlab://mmdet/mobilenet_v2 

backbone.layer4.3.linear_conv.conv.weight - torch.Size([64, 384, 1, 1]): 
PretrainedInit: load from open-mmlab://mmdet/mobilenet_v2 

backbone.layer4.3.linear_conv.bn.weight - torch.Size([64]): 
PretrainedInit: load from open-mmlab://mmdet/mobilenet_v2 

backbone.layer4.3.linear_conv.bn.bias - torch.Size([64]): 
PretrainedInit: load from open-mmlab://mmdet/mobilenet_v2 

backbone.layer5.0.expand_conv.conv.weight - torch.Size([384, 64, 1, 1]): 
PretrainedInit: load from open-mmlab://mmdet/mobilenet_v2 

backbone.layer5.0.expand_conv.bn.weight - torch.Size([384]): 
PretrainedInit: load from open-mmlab://mmdet/mobilenet_v2 

backbone.layer5.0.expand_conv.bn.bias - torch.Size([384]): 
PretrainedInit: load from open-mmlab://mmdet/mobilenet_v2 

backbone.layer5.0.depthwise_conv.conv.weight - torch.Size([384, 1, 3, 3]): 
PretrainedInit: load from open-mmlab://mmdet/mobilenet_v2 

backbone.layer5.0.depthwise_conv.bn.weight - torch.Size([384]): 
PretrainedInit: load from open-mmlab://mmdet/mobilenet_v2 

backbone.layer5.0.depthwise_conv.bn.bias - torch.Size([384]): 
PretrainedInit: load from open-mmlab://mmdet/mobilenet_v2 

backbone.layer5.0.linear_conv.conv.weight - torch.Size([96, 384, 1, 1]): 
PretrainedInit: load from open-mmlab://mmdet/mobilenet_v2 

backbone.layer5.0.linear_conv.bn.weight - torch.Size([96]): 
PretrainedInit: load from open-mmlab://mmdet/mobilenet_v2 

backbone.layer5.0.linear_conv.bn.bias - torch.Size([96]): 
PretrainedInit: load from open-mmlab://mmdet/mobilenet_v2 

backbone.layer5.1.expand_conv.conv.weight - torch.Size([576, 96, 1, 1]): 
PretrainedInit: load from open-mmlab://mmdet/mobilenet_v2 

backbone.layer5.1.expand_conv.bn.weight - torch.Size([576]): 
PretrainedInit: load from open-mmlab://mmdet/mobilenet_v2 

backbone.layer5.1.expand_conv.bn.bias - torch.Size([576]): 
PretrainedInit: load from open-mmlab://mmdet/mobilenet_v2 

backbone.layer5.1.depthwise_conv.conv.weight - torch.Size([576, 1, 3, 3]): 
PretrainedInit: load from open-mmlab://mmdet/mobilenet_v2 

backbone.layer5.1.depthwise_conv.bn.weight - torch.Size([576]): 
PretrainedInit: load from open-mmlab://mmdet/mobilenet_v2 

backbone.layer5.1.depthwise_conv.bn.bias - torch.Size([576]): 
PretrainedInit: load from open-mmlab://mmdet/mobilenet_v2 

backbone.layer5.1.linear_conv.conv.weight - torch.Size([96, 576, 1, 1]): 
PretrainedInit: load from open-mmlab://mmdet/mobilenet_v2 

backbone.layer5.1.linear_conv.bn.weight - torch.Size([96]): 
PretrainedInit: load from open-mmlab://mmdet/mobilenet_v2 

backbone.layer5.1.linear_conv.bn.bias - torch.Size([96]): 
PretrainedInit: load from open-mmlab://mmdet/mobilenet_v2 

backbone.layer5.2.expand_conv.conv.weight - torch.Size([576, 96, 1, 1]): 
PretrainedInit: load from open-mmlab://mmdet/mobilenet_v2 

backbone.layer5.2.expand_conv.bn.weight - torch.Size([576]): 
PretrainedInit: load from open-mmlab://mmdet/mobilenet_v2 

backbone.layer5.2.expand_conv.bn.bias - torch.Size([576]): 
PretrainedInit: load from open-mmlab://mmdet/mobilenet_v2 

backbone.layer5.2.depthwise_conv.conv.weight - torch.Size([576, 1, 3, 3]): 
PretrainedInit: load from open-mmlab://mmdet/mobilenet_v2 

backbone.layer5.2.depthwise_conv.bn.weight - torch.Size([576]): 
PretrainedInit: load from open-mmlab://mmdet/mobilenet_v2 

backbone.layer5.2.depthwise_conv.bn.bias - torch.Size([576]): 
PretrainedInit: load from open-mmlab://mmdet/mobilenet_v2 

backbone.layer5.2.linear_conv.conv.weight - torch.Size([96, 576, 1, 1]): 
PretrainedInit: load from open-mmlab://mmdet/mobilenet_v2 

backbone.layer5.2.linear_conv.bn.weight - torch.Size([96]): 
PretrainedInit: load from open-mmlab://mmdet/mobilenet_v2 

backbone.layer5.2.linear_conv.bn.bias - torch.Size([96]): 
PretrainedInit: load from open-mmlab://mmdet/mobilenet_v2 

backbone.layer6.0.expand_conv.conv.weight - torch.Size([576, 96, 1, 1]): 
PretrainedInit: load from open-mmlab://mmdet/mobilenet_v2 

backbone.layer6.0.expand_conv.bn.weight - torch.Size([576]): 
PretrainedInit: load from open-mmlab://mmdet/mobilenet_v2 

backbone.layer6.0.expand_conv.bn.bias - torch.Size([576]): 
PretrainedInit: load from open-mmlab://mmdet/mobilenet_v2 

backbone.layer6.0.depthwise_conv.conv.weight - torch.Size([576, 1, 3, 3]): 
PretrainedInit: load from open-mmlab://mmdet/mobilenet_v2 

backbone.layer6.0.depthwise_conv.bn.weight - torch.Size([576]): 
PretrainedInit: load from open-mmlab://mmdet/mobilenet_v2 

backbone.layer6.0.depthwise_conv.bn.bias - torch.Size([576]): 
PretrainedInit: load from open-mmlab://mmdet/mobilenet_v2 

backbone.layer6.0.linear_conv.conv.weight - torch.Size([160, 576, 1, 1]): 
PretrainedInit: load from open-mmlab://mmdet/mobilenet_v2 

backbone.layer6.0.linear_conv.bn.weight - torch.Size([160]): 
PretrainedInit: load from open-mmlab://mmdet/mobilenet_v2 

backbone.layer6.0.linear_conv.bn.bias - torch.Size([160]): 
PretrainedInit: load from open-mmlab://mmdet/mobilenet_v2 

backbone.layer6.1.expand_conv.conv.weight - torch.Size([960, 160, 1, 1]): 
PretrainedInit: load from open-mmlab://mmdet/mobilenet_v2 

backbone.layer6.1.expand_conv.bn.weight - torch.Size([960]): 
PretrainedInit: load from open-mmlab://mmdet/mobilenet_v2 

backbone.layer6.1.expand_conv.bn.bias - torch.Size([960]): 
PretrainedInit: load from open-mmlab://mmdet/mobilenet_v2 

backbone.layer6.1.depthwise_conv.conv.weight - torch.Size([960, 1, 3, 3]): 
PretrainedInit: load from open-mmlab://mmdet/mobilenet_v2 

backbone.layer6.1.depthwise_conv.bn.weight - torch.Size([960]): 
PretrainedInit: load from open-mmlab://mmdet/mobilenet_v2 

backbone.layer6.1.depthwise_conv.bn.bias - torch.Size([960]): 
PretrainedInit: load from open-mmlab://mmdet/mobilenet_v2 

backbone.layer6.1.linear_conv.conv.weight - torch.Size([160, 960, 1, 1]): 
PretrainedInit: load from open-mmlab://mmdet/mobilenet_v2 

backbone.layer6.1.linear_conv.bn.weight - torch.Size([160]): 
PretrainedInit: load from open-mmlab://mmdet/mobilenet_v2 

backbone.layer6.1.linear_conv.bn.bias - torch.Size([160]): 
PretrainedInit: load from open-mmlab://mmdet/mobilenet_v2 

backbone.layer6.2.expand_conv.conv.weight - torch.Size([960, 160, 1, 1]): 
PretrainedInit: load from open-mmlab://mmdet/mobilenet_v2 

backbone.layer6.2.expand_conv.bn.weight - torch.Size([960]): 
PretrainedInit: load from open-mmlab://mmdet/mobilenet_v2 

backbone.layer6.2.expand_conv.bn.bias - torch.Size([960]): 
PretrainedInit: load from open-mmlab://mmdet/mobilenet_v2 

backbone.layer6.2.depthwise_conv.conv.weight - torch.Size([960, 1, 3, 3]): 
PretrainedInit: load from open-mmlab://mmdet/mobilenet_v2 

backbone.layer6.2.depthwise_conv.bn.weight - torch.Size([960]): 
PretrainedInit: load from open-mmlab://mmdet/mobilenet_v2 

backbone.layer6.2.depthwise_conv.bn.bias - torch.Size([960]): 
PretrainedInit: load from open-mmlab://mmdet/mobilenet_v2 

backbone.layer6.2.linear_conv.conv.weight - torch.Size([160, 960, 1, 1]): 
PretrainedInit: load from open-mmlab://mmdet/mobilenet_v2 

backbone.layer6.2.linear_conv.bn.weight - torch.Size([160]): 
PretrainedInit: load from open-mmlab://mmdet/mobilenet_v2 

backbone.layer6.2.linear_conv.bn.bias - torch.Size([160]): 
PretrainedInit: load from open-mmlab://mmdet/mobilenet_v2 

backbone.layer7.0.expand_conv.conv.weight - torch.Size([960, 160, 1, 1]): 
PretrainedInit: load from open-mmlab://mmdet/mobilenet_v2 

backbone.layer7.0.expand_conv.bn.weight - torch.Size([960]): 
PretrainedInit: load from open-mmlab://mmdet/mobilenet_v2 

backbone.layer7.0.expand_conv.bn.bias - torch.Size([960]): 
PretrainedInit: load from open-mmlab://mmdet/mobilenet_v2 

backbone.layer7.0.depthwise_conv.conv.weight - torch.Size([960, 1, 3, 3]): 
PretrainedInit: load from open-mmlab://mmdet/mobilenet_v2 

backbone.layer7.0.depthwise_conv.bn.weight - torch.Size([960]): 
PretrainedInit: load from open-mmlab://mmdet/mobilenet_v2 

backbone.layer7.0.depthwise_conv.bn.bias - torch.Size([960]): 
PretrainedInit: load from open-mmlab://mmdet/mobilenet_v2 

backbone.layer7.0.linear_conv.conv.weight - torch.Size([320, 960, 1, 1]): 
PretrainedInit: load from open-mmlab://mmdet/mobilenet_v2 

backbone.layer7.0.linear_conv.bn.weight - torch.Size([320]): 
PretrainedInit: load from open-mmlab://mmdet/mobilenet_v2 

backbone.layer7.0.linear_conv.bn.bias - torch.Size([320]): 
PretrainedInit: load from open-mmlab://mmdet/mobilenet_v2 

backbone.conv2.conv.weight - torch.Size([1280, 320, 1, 1]): 
PretrainedInit: load from open-mmlab://mmdet/mobilenet_v2 

backbone.conv2.bn.weight - torch.Size([1280]): 
PretrainedInit: load from open-mmlab://mmdet/mobilenet_v2 

backbone.conv2.bn.bias - torch.Size([1280]): 
PretrainedInit: load from open-mmlab://mmdet/mobilenet_v2 

neck.detect1.conv1.conv.weight - torch.Size([96, 320, 1, 1]): 
Initialized by user-defined `init_weights` in ConvModule  

neck.detect1.conv1.bn.weight - torch.Size([96]): 
The value is the same before and after calling `init_weights` of YOLOV3  

neck.detect1.conv1.bn.bias - torch.Size([96]): 
The value is the same before and after calling `init_weights` of YOLOV3  

neck.detect1.conv2.conv.weight - torch.Size([192, 96, 3, 3]): 
Initialized by user-defined `init_weights` in ConvModule  

neck.detect1.conv2.bn.weight - torch.Size([192]): 
The value is the same before and after calling `init_weights` of YOLOV3  

neck.detect1.conv2.bn.bias - torch.Size([192]): 
The value is the same before and after calling `init_weights` of YOLOV3  

neck.detect1.conv3.conv.weight - torch.Size([96, 192, 1, 1]): 
Initialized by user-defined `init_weights` in ConvModule  

neck.detect1.conv3.bn.weight - torch.Size([96]): 
The value is the same before and after calling `init_weights` of YOLOV3  

neck.detect1.conv3.bn.bias - torch.Size([96]): 
The value is the same before and after calling `init_weights` of YOLOV3  

neck.detect1.conv4.conv.weight - torch.Size([192, 96, 3, 3]): 
Initialized by user-defined `init_weights` in ConvModule  

neck.detect1.conv4.bn.weight - torch.Size([192]): 
The value is the same before and after calling `init_weights` of YOLOV3  

neck.detect1.conv4.bn.bias - torch.Size([192]): 
The value is the same before and after calling `init_weights` of YOLOV3  

neck.detect1.conv5.conv.weight - torch.Size([96, 192, 1, 1]): 
Initialized by user-defined `init_weights` in ConvModule  

neck.detect1.conv5.bn.weight - torch.Size([96]): 
The value is the same before and after calling `init_weights` of YOLOV3  

neck.detect1.conv5.bn.bias - torch.Size([96]): 
The value is the same before and after calling `init_weights` of YOLOV3  

neck.conv1.conv.weight - torch.Size([96, 96, 1, 1]): 
Initialized by user-defined `init_weights` in ConvModule  

neck.conv1.bn.weight - torch.Size([96]): 
The value is the same before and after calling `init_weights` of YOLOV3  

neck.conv1.bn.bias - torch.Size([96]): 
The value is the same before and after calling `init_weights` of YOLOV3  

neck.detect2.conv1.conv.weight - torch.Size([96, 192, 1, 1]): 
Initialized by user-defined `init_weights` in ConvModule  

neck.detect2.conv1.bn.weight - torch.Size([96]): 
The value is the same before and after calling `init_weights` of YOLOV3  

neck.detect2.conv1.bn.bias - torch.Size([96]): 
The value is the same before and after calling `init_weights` of YOLOV3  

neck.detect2.conv2.conv.weight - torch.Size([192, 96, 3, 3]): 
Initialized by user-defined `init_weights` in ConvModule  

neck.detect2.conv2.bn.weight - torch.Size([192]): 
The value is the same before and after calling `init_weights` of YOLOV3  

neck.detect2.conv2.bn.bias - torch.Size([192]): 
The value is the same before and after calling `init_weights` of YOLOV3  

neck.detect2.conv3.conv.weight - torch.Size([96, 192, 1, 1]): 
Initialized by user-defined `init_weights` in ConvModule  

neck.detect2.conv3.bn.weight - torch.Size([96]): 
The value is the same before and after calling `init_weights` of YOLOV3  

neck.detect2.conv3.bn.bias - torch.Size([96]): 
The value is the same before and after calling `init_weights` of YOLOV3  

neck.detect2.conv4.conv.weight - torch.Size([192, 96, 3, 3]): 
Initialized by user-defined `init_weights` in ConvModule  

neck.detect2.conv4.bn.weight - torch.Size([192]): 
The value is the same before and after calling `init_weights` of YOLOV3  

neck.detect2.conv4.bn.bias - torch.Size([192]): 
The value is the same before and after calling `init_weights` of YOLOV3  

neck.detect2.conv5.conv.weight - torch.Size([96, 192, 1, 1]): 
Initialized by user-defined `init_weights` in ConvModule  

neck.detect2.conv5.bn.weight - torch.Size([96]): 
The value is the same before and after calling `init_weights` of YOLOV3  

neck.detect2.conv5.bn.bias - torch.Size([96]): 
The value is the same before and after calling `init_weights` of YOLOV3  

neck.conv2.conv.weight - torch.Size([96, 96, 1, 1]): 
Initialized by user-defined `init_weights` in ConvModule  

neck.conv2.bn.weight - torch.Size([96]): 
The value is the same before and after calling `init_weights` of YOLOV3  

neck.conv2.bn.bias - torch.Size([96]): 
The value is the same before and after calling `init_weights` of YOLOV3  

neck.detect3.conv1.conv.weight - torch.Size([96, 128, 1, 1]): 
Initialized by user-defined `init_weights` in ConvModule  

neck.detect3.conv1.bn.weight - torch.Size([96]): 
The value is the same before and after calling `init_weights` of YOLOV3  

neck.detect3.conv1.bn.bias - torch.Size([96]): 
The value is the same before and after calling `init_weights` of YOLOV3  

neck.detect3.conv2.conv.weight - torch.Size([192, 96, 3, 3]): 
Initialized by user-defined `init_weights` in ConvModule  

neck.detect3.conv2.bn.weight - torch.Size([192]): 
The value is the same before and after calling `init_weights` of YOLOV3  

neck.detect3.conv2.bn.bias - torch.Size([192]): 
The value is the same before and after calling `init_weights` of YOLOV3  

neck.detect3.conv3.conv.weight - torch.Size([96, 192, 1, 1]): 
Initialized by user-defined `init_weights` in ConvModule  

neck.detect3.conv3.bn.weight - torch.Size([96]): 
The value is the same before and after calling `init_weights` of YOLOV3  

neck.detect3.conv3.bn.bias - torch.Size([96]): 
The value is the same before and after calling `init_weights` of YOLOV3  

neck.detect3.conv4.conv.weight - torch.Size([192, 96, 3, 3]): 
Initialized by user-defined `init_weights` in ConvModule  

neck.detect3.conv4.bn.weight - torch.Size([192]): 
The value is the same before and after calling `init_weights` of YOLOV3  

neck.detect3.conv4.bn.bias - torch.Size([192]): 
The value is the same before and after calling `init_weights` of YOLOV3  

neck.detect3.conv5.conv.weight - torch.Size([96, 192, 1, 1]): 
Initialized by user-defined `init_weights` in ConvModule  

neck.detect3.conv5.bn.weight - torch.Size([96]): 
The value is the same before and after calling `init_weights` of YOLOV3  

neck.detect3.conv5.bn.bias - torch.Size([96]): 
The value is the same before and after calling `init_weights` of YOLOV3  

bbox_head.convs_bridge.0.conv.weight - torch.Size([96, 96, 3, 3]): 
Initialized by user-defined `init_weights` in YOLOV3Head  

bbox_head.convs_bridge.0.bn.weight - torch.Size([96]): 
The value is the same before and after calling `init_weights` of YOLOV3  

bbox_head.convs_bridge.0.bn.bias - torch.Size([96]): 
The value is the same before and after calling `init_weights` of YOLOV3  

bbox_head.convs_bridge.1.conv.weight - torch.Size([96, 96, 3, 3]): 
Initialized by user-defined `init_weights` in YOLOV3Head  

bbox_head.convs_bridge.1.bn.weight - torch.Size([96]): 
The value is the same before and after calling `init_weights` of YOLOV3  

bbox_head.convs_bridge.1.bn.bias - torch.Size([96]): 
The value is the same before and after calling `init_weights` of YOLOV3  

bbox_head.convs_bridge.2.conv.weight - torch.Size([96, 96, 3, 3]): 
Initialized by user-defined `init_weights` in YOLOV3Head  

bbox_head.convs_bridge.2.bn.weight - torch.Size([96]): 
The value is the same before and after calling `init_weights` of YOLOV3  

bbox_head.convs_bridge.2.bn.bias - torch.Size([96]): 
The value is the same before and after calling `init_weights` of YOLOV3  

bbox_head.convs_pred.0.weight - torch.Size([75, 96, 1, 1]): 
Initialized by user-defined `init_weights` in YOLOV3Head  

bbox_head.convs_pred.0.bias - torch.Size([75]): 
Initialized by user-defined `init_weights` in YOLOV3Head  

bbox_head.convs_pred.1.weight - torch.Size([75, 96, 1, 1]): 
Initialized by user-defined `init_weights` in YOLOV3Head  

bbox_head.convs_pred.1.bias - torch.Size([75]): 
Initialized by user-defined `init_weights` in YOLOV3Head  

bbox_head.convs_pred.2.weight - torch.Size([75, 96, 1, 1]): 
Initialized by user-defined `init_weights` in YOLOV3Head  

bbox_head.convs_pred.2.bias - torch.Size([75]): 
Initialized by user-defined `init_weights` in YOLOV3Head  
2023-02-11 19:05:06,292 - mmdet - INFO - Automatic scaling of learning rate (LR) has been disabled.
2023-02-11 19:05:06,337 - mmdet - INFO - load checkpoint from local path: /data/home/scv9034/run/checkpoints/yolov3_mobilenetv2_mstrain-416_300e_coco_20210718_010823-f68a07b3.pth
2023-02-11 19:05:06,424 - mmdet - WARNING - The model and loaded state dict do not match exactly

size mismatch for bbox_head.convs_pred.0.weight: copying a param with shape torch.Size([255, 96, 1, 1]) from checkpoint, the shape in current model is torch.Size([75, 96, 1, 1]).
size mismatch for bbox_head.convs_pred.0.bias: copying a param with shape torch.Size([255]) from checkpoint, the shape in current model is torch.Size([75]).
size mismatch for bbox_head.convs_pred.1.weight: copying a param with shape torch.Size([255, 96, 1, 1]) from checkpoint, the shape in current model is torch.Size([75, 96, 1, 1]).
size mismatch for bbox_head.convs_pred.1.bias: copying a param with shape torch.Size([255]) from checkpoint, the shape in current model is torch.Size([75]).
size mismatch for bbox_head.convs_pred.2.weight: copying a param with shape torch.Size([255, 96, 1, 1]) from checkpoint, the shape in current model is torch.Size([75, 96, 1, 1]).
size mismatch for bbox_head.convs_pred.2.bias: copying a param with shape torch.Size([255]) from checkpoint, the shape in current model is torch.Size([75]).
2023-02-11 19:05:06,424 - mmdet - INFO - Start running, host: scv9034@g0036, work_dir: /data/run01/scv9034/mmdetection/VOCdataset
2023-02-11 19:05:06,424 - mmdet - INFO - Hooks will be executed in the following order:
before_run:
(VERY_HIGH   ) StepLrUpdaterHook                  
(NORMAL      ) CheckpointHook                     
(LOW         ) EvalHook                           
(VERY_LOW    ) TextLoggerHook                     
 -------------------- 
before_train_epoch:
(VERY_HIGH   ) StepLrUpdaterHook                  
(NORMAL      ) NumClassCheckHook                  
(LOW         ) IterTimerHook                      
(LOW         ) EvalHook                           
(VERY_LOW    ) TextLoggerHook                     
 -------------------- 
before_train_iter:
(VERY_HIGH   ) StepLrUpdaterHook                  
(LOW         ) IterTimerHook                      
(LOW         ) EvalHook                           
 -------------------- 
after_train_iter:
(ABOVE_NORMAL) OptimizerHook                      
(NORMAL      ) CheckpointHook                     
(LOW         ) IterTimerHook                      
(LOW         ) EvalHook                           
(VERY_LOW    ) TextLoggerHook                     
 -------------------- 
after_train_epoch:
(NORMAL      ) CheckpointHook                     
(LOW         ) EvalHook                           
(VERY_LOW    ) TextLoggerHook                     
 -------------------- 
before_val_epoch:
(NORMAL      ) NumClassCheckHook                  
(LOW         ) IterTimerHook                      
(VERY_LOW    ) TextLoggerHook                     
 -------------------- 
before_val_iter:
(LOW         ) IterTimerHook                      
 -------------------- 
after_val_iter:
(LOW         ) IterTimerHook                      
 -------------------- 
after_val_epoch:
(VERY_LOW    ) TextLoggerHook                     
 -------------------- 
after_run:
(VERY_LOW    ) TextLoggerHook                     
 -------------------- 
2023-02-11 19:05:06,425 - mmdet - INFO - workflow: [('train', 1)], max: 8 epochs
2023-02-11 19:05:06,425 - mmdet - INFO - Checkpoints will be saved to /data/run01/scv9034/mmdetection/VOCdataset by HardDiskBackend.
2023-02-11 19:05:22,903 - mmdet - INFO - Epoch [1][50/611]	lr: 3.705e-05, eta: 0:26:33, time: 0.329, data_time: 0.079, memory: 5032, loss_cls: 307.0004, loss_conf: 984.9673, loss_xy: 178.5236, loss_wh: 29.9218, loss: 1500.4132, grad_norm: 1523.8737
2023-02-11 19:05:35,998 - mmdet - INFO - Epoch [1][100/611]	lr: 7.454e-05, eta: 0:23:35, time: 0.262, data_time: 0.021, memory: 5032, loss_cls: 279.9719, loss_conf: 566.6611, loss_xy: 166.4786, loss_wh: 22.4758, loss: 1035.5873, grad_norm: 570.6499
2023-02-11 19:05:49,215 - mmdet - INFO - Epoch [1][150/611]	lr: 1.120e-04, eta: 0:22:31, time: 0.264, data_time: 0.022, memory: 5032, loss_cls: 258.8715, loss_conf: 414.1052, loss_xy: 165.4922, loss_wh: 15.2181, loss: 853.6871, grad_norm: 382.1463
2023-02-11 19:06:02,403 - mmdet - INFO - Epoch [1][200/611]	lr: 1.495e-04, eta: 0:21:51, time: 0.264, data_time: 0.021, memory: 5032, loss_cls: 236.5025, loss_conf: 339.8616, loss_xy: 172.9938, loss_wh: 12.1803, loss: 761.5383, grad_norm: 416.1510
2023-02-11 19:06:15,557 - mmdet - INFO - Epoch [1][250/611]	lr: 1.870e-04, eta: 0:21:22, time: 0.263, data_time: 0.021, memory: 5032, loss_cls: 194.6653, loss_conf: 246.8353, loss_xy: 160.0853, loss_wh: 10.1431, loss: 611.7289, grad_norm: 452.8331
2023-02-11 19:06:29,054 - mmdet - INFO - Epoch [1][300/611]	lr: 2.245e-04, eta: 0:21:03, time: 0.270, data_time: 0.023, memory: 5032, loss_cls: 178.4652, loss_conf: 219.6614, loss_xy: 165.3225, loss_wh: 9.3240, loss: 572.7731, grad_norm: 515.3137
2023-02-11 19:06:42,802 - mmdet - INFO - Epoch [1][350/611]	lr: 2.620e-04, eta: 0:20:49, time: 0.275, data_time: 0.025, memory: 5032, loss_cls: 169.6392, loss_conf: 214.7473, loss_xy: 170.3874, loss_wh: 9.2648, loss: 564.0387, grad_norm: 557.9155
2023-02-11 19:06:55,927 - mmdet - INFO - Epoch [1][400/611]	lr: 2.995e-04, eta: 0:20:28, time: 0.263, data_time: 0.022, memory: 5032, loss_cls: 139.8667, loss_conf: 183.7629, loss_xy: 156.2412, loss_wh: 8.6041, loss: 488.4748, grad_norm: 581.3988
2023-02-11 19:07:09,068 - mmdet - INFO - Epoch [1][450/611]	lr: 3.370e-04, eta: 0:20:09, time: 0.263, data_time: 0.022, memory: 5032, loss_cls: 118.9135, loss_conf: 165.2993, loss_xy: 151.2982, loss_wh: 7.8396, loss: 443.3507, grad_norm: 589.8454
2023-02-11 19:07:22,362 - mmdet - INFO - Epoch [1][500/611]	lr: 3.745e-04, eta: 0:19:52, time: 0.266, data_time: 0.022, memory: 5032, loss_cls: 115.9054, loss_conf: 170.9406, loss_xy: 158.8101, loss_wh: 10.1298, loss: 455.7860, grad_norm: 650.7841
2023-02-11 19:07:35,510 - mmdet - INFO - Epoch [1][550/611]	lr: 4.120e-04, eta: 0:19:35, time: 0.263, data_time: 0.021, memory: 5032, loss_cls: 104.7949, loss_conf: 164.4764, loss_xy: 158.1492, loss_wh: 9.5247, loss: 436.9453, grad_norm: 661.5785
2023-02-11 19:07:48,676 - mmdet - INFO - Epoch [1][600/611]	lr: 4.495e-04, eta: 0:19:19, time: 0.263, data_time: 0.022, memory: 5032, loss_cls: 96.2896, loss_conf: 162.4101, loss_xy: 155.1383, loss_wh: 9.9478, loss: 423.7858, grad_norm: 712.6099
2023-02-11 19:07:51,629 - mmdet - INFO - Saving checkpoint at 1 epochs
2023-02-11 19:08:17,399 - mmdet - INFO - Evaluating bbox...
2023-02-11 19:08:22,053 - mmdet - INFO - 
 Average Precision  (AP) @[ IoU=0.50:0.95 | area=   all | maxDets=100 ] = 0.229
 Average Precision  (AP) @[ IoU=0.50      | area=   all | maxDets=1000 ] = 0.618
 Average Precision  (AP) @[ IoU=0.75      | area=   all | maxDets=1000 ] = 0.086
 Average Precision  (AP) @[ IoU=0.50:0.95 | area= small | maxDets=1000 ] = 0.042
 Average Precision  (AP) @[ IoU=0.50:0.95 | area=medium | maxDets=1000 ] = 0.127
 Average Precision  (AP) @[ IoU=0.50:0.95 | area= large | maxDets=1000 ] = 0.282
 Average Recall     (AR) @[ IoU=0.50:0.95 | area=   all | maxDets=100 ] = 0.374
 Average Recall     (AR) @[ IoU=0.50:0.95 | area=   all | maxDets=300 ] = 0.374
 Average Recall     (AR) @[ IoU=0.50:0.95 | area=   all | maxDets=1000 ] = 0.374
 Average Recall     (AR) @[ IoU=0.50:0.95 | area= small | maxDets=1000 ] = 0.085
 Average Recall     (AR) @[ IoU=0.50:0.95 | area=medium | maxDets=1000 ] = 0.252
 Average Recall     (AR) @[ IoU=0.50:0.95 | area= large | maxDets=1000 ] = 0.429

2023-02-11 19:08:22,140 - mmdet - INFO - Exp name: yolov3_mobilenetv2_VOC.py
2023-02-11 19:08:22,140 - mmdet - INFO - Epoch(val) [1][1449]	bbox_mAP: 0.2295, bbox_mAP_50: 0.6181, bbox_mAP_75: 0.0862, bbox_mAP_s: 0.0416, bbox_mAP_m: 0.1274, bbox_mAP_l: 0.2821, bbox_mAP_copypaste: 0.2295 0.6181 0.0862 0.0416 0.1274 0.2821
2023-02-11 19:08:38,229 - mmdet - INFO - Epoch [2][50/611]	lr: 4.953e-04, eta: 0:19:00, time: 0.322, data_time: 0.078, memory: 5032, loss_cls: 88.6456, loss_conf: 159.3909, loss_xy: 158.4173, loss_wh: 11.8842, loss: 418.3379, grad_norm: 797.3170
2023-02-11 19:08:51,527 - mmdet - INFO - Epoch [2][100/611]	lr: 5.327e-04, eta: 0:18:45, time: 0.266, data_time: 0.022, memory: 5032, loss_cls: 77.3310, loss_conf: 148.3667, loss_xy: 147.2257, loss_wh: 9.9528, loss: 382.8763, grad_norm: 714.5018
2023-02-11 19:09:05,059 - mmdet - INFO - Epoch [2][150/611]	lr: 5.702e-04, eta: 0:18:32, time: 0.271, data_time: 0.023, memory: 5032, loss_cls: 68.0750, loss_conf: 136.6685, loss_xy: 143.8382, loss_wh: 10.5190, loss: 359.1006, grad_norm: 704.7579
2023-02-11 19:09:18,678 - mmdet - INFO - Epoch [2][200/611]	lr: 6.077e-04, eta: 0:18:19, time: 0.272, data_time: 0.024, memory: 5032, loss_cls: 65.2124, loss_conf: 135.1522, loss_xy: 144.7250, loss_wh: 10.7946, loss: 355.8842, grad_norm: 715.5854
2023-02-11 19:09:31,963 - mmdet - INFO - Epoch [2][250/611]	lr: 6.452e-04, eta: 0:18:05, time: 0.266, data_time: 0.022, memory: 5032, loss_cls: 63.2251, loss_conf: 137.4497, loss_xy: 146.1894, loss_wh: 15.3040, loss: 362.1682, grad_norm: 824.0399
2023-02-11 19:09:45,306 - mmdet - INFO - Epoch [2][300/611]	lr: 6.827e-04, eta: 0:17:51, time: 0.267, data_time: 0.022, memory: 5032, loss_cls: 60.0189, loss_conf: 137.1803, loss_xy: 143.2457, loss_wh: 14.1808, loss: 354.6258, grad_norm: 779.6621
2023-02-11 19:09:58,383 - mmdet - INFO - Epoch [2][350/611]	lr: 7.202e-04, eta: 0:17:36, time: 0.262, data_time: 0.021, memory: 5032, loss_cls: 55.9772, loss_conf: 137.8591, loss_xy: 147.3203, loss_wh: 16.8969, loss: 358.0536, grad_norm: 843.3242
2023-02-11 19:10:11,622 - mmdet - INFO - Epoch [2][400/611]	lr: 7.577e-04, eta: 0:17:21, time: 0.265, data_time: 0.022, memory: 5032, loss_cls: 59.7861, loss_conf: 143.7862, loss_xy: 149.4882, loss_wh: 17.8077, loss: 370.8683, grad_norm: 847.9405
2023-02-11 19:10:24,795 - mmdet - INFO - Epoch [2][450/611]	lr: 7.952e-04, eta: 0:17:07, time: 0.263, data_time: 0.022, memory: 5032, loss_cls: 54.5036, loss_conf: 132.1892, loss_xy: 147.3543, loss_wh: 14.3816, loss: 348.4286, grad_norm: 797.2414
2023-02-11 19:10:38,325 - mmdet - INFO - Epoch [2][500/611]	lr: 8.327e-04, eta: 0:16:54, time: 0.271, data_time: 0.024, memory: 5032, loss_cls: 51.2874, loss_conf: 128.1616, loss_xy: 140.1616, loss_wh: 15.0456, loss: 334.6562, grad_norm: 788.4683
2023-02-11 19:10:51,837 - mmdet - INFO - Epoch [2][550/611]	lr: 8.702e-04, eta: 0:16:41, time: 0.270, data_time: 0.025, memory: 5032, loss_cls: 53.2994, loss_conf: 135.3056, loss_xy: 146.1819, loss_wh: 14.9741, loss: 349.7610, grad_norm: 786.2939
2023-02-11 19:11:05,238 - mmdet - INFO - Epoch [2][600/611]	lr: 9.077e-04, eta: 0:16:27, time: 0.268, data_time: 0.024, memory: 5032, loss_cls: 49.0675, loss_conf: 127.0223, loss_xy: 144.3499, loss_wh: 12.0270, loss: 332.4667, grad_norm: 749.5512
2023-02-11 19:11:08,190 - mmdet - INFO - Saving checkpoint at 2 epochs
2023-02-11 19:11:33,598 - mmdet - INFO - Evaluating bbox...
2023-02-11 19:11:37,540 - mmdet - INFO - 
 Average Precision  (AP) @[ IoU=0.50:0.95 | area=   all | maxDets=100 ] = 0.241
 Average Precision  (AP) @[ IoU=0.50      | area=   all | maxDets=1000 ] = 0.614
 Average Precision  (AP) @[ IoU=0.75      | area=   all | maxDets=1000 ] = 0.122
 Average Precision  (AP) @[ IoU=0.50:0.95 | area= small | maxDets=1000 ] = 0.029
 Average Precision  (AP) @[ IoU=0.50:0.95 | area=medium | maxDets=1000 ] = 0.114
 Average Precision  (AP) @[ IoU=0.50:0.95 | area= large | maxDets=1000 ] = 0.310
 Average Recall     (AR) @[ IoU=0.50:0.95 | area=   all | maxDets=100 ] = 0.393
 Average Recall     (AR) @[ IoU=0.50:0.95 | area=   all | maxDets=300 ] = 0.393
 Average Recall     (AR) @[ IoU=0.50:0.95 | area=   all | maxDets=1000 ] = 0.393
 Average Recall     (AR) @[ IoU=0.50:0.95 | area= small | maxDets=1000 ] = 0.104
 Average Recall     (AR) @[ IoU=0.50:0.95 | area=medium | maxDets=1000 ] = 0.279
 Average Recall     (AR) @[ IoU=0.50:0.95 | area= large | maxDets=1000 ] = 0.451

2023-02-11 19:11:37,614 - mmdet - INFO - Exp name: yolov3_mobilenetv2_VOC.py
2023-02-11 19:11:37,614 - mmdet - INFO - Epoch(val) [2][1449]	bbox_mAP: 0.2407, bbox_mAP_50: 0.6145, bbox_mAP_75: 0.1218, bbox_mAP_s: 0.0287, bbox_mAP_m: 0.1141, bbox_mAP_l: 0.3095, bbox_mAP_copypaste: 0.2407 0.6145 0.1218 0.0287 0.1141 0.3095
2023-02-11 19:11:53,568 - mmdet - INFO - Epoch [3][50/611]	lr: 9.535e-04, eta: 0:16:10, time: 0.318, data_time: 0.075, memory: 5032, loss_cls: 46.6518, loss_conf: 127.6146, loss_xy: 142.6976, loss_wh: 15.3290, loss: 332.2929, grad_norm: 841.0916
2023-02-11 19:12:07,199 - mmdet - INFO - Epoch [3][100/611]	lr: 9.910e-04, eta: 0:15:57, time: 0.273, data_time: 0.023, memory: 5032, loss_cls: 46.2568, loss_conf: 123.6820, loss_xy: 142.3591, loss_wh: 17.3087, loss: 329.6065, grad_norm: 812.7661
2023-02-11 19:12:20,323 - mmdet - INFO - Epoch [3][150/611]	lr: 1.028e-03, eta: 0:15:43, time: 0.262, data_time: 0.022, memory: 5032, loss_cls: 43.4556, loss_conf: 115.8235, loss_xy: 140.0827, loss_wh: 19.4187, loss: 318.7805, grad_norm: 822.3300
2023-02-11 19:12:33,583 - mmdet - INFO - Epoch [3][200/611]	lr: 1.066e-03, eta: 0:15:29, time: 0.265, data_time: 0.022, memory: 5032, loss_cls: 41.7347, loss_conf: 118.5616, loss_xy: 137.2965, loss_wh: 18.6813, loss: 316.2741, grad_norm: 785.6105
2023-02-11 19:12:46,849 - mmdet - INFO - Epoch [3][250/611]	lr: 1.103e-03, eta: 0:15:15, time: 0.265, data_time: 0.022, memory: 5032, loss_cls: 39.5035, loss_conf: 118.2923, loss_xy: 140.7743, loss_wh: 19.1204, loss: 317.6906, grad_norm: 795.9428
2023-02-11 19:13:00,167 - mmdet - INFO - Epoch [3][300/611]	lr: 1.141e-03, eta: 0:15:01, time: 0.266, data_time: 0.022, memory: 5032, loss_cls: 40.8569, loss_conf: 124.3557, loss_xy: 145.9600, loss_wh: 17.5419, loss: 328.7145, grad_norm: 812.6157
2023-02-11 19:13:13,509 - mmdet - INFO - Epoch [3][350/611]	lr: 1.178e-03, eta: 0:14:48, time: 0.267, data_time: 0.022, memory: 5032, loss_cls: 42.2144, loss_conf: 125.7141, loss_xy: 146.3404, loss_wh: 17.6428, loss: 331.9116, grad_norm: 772.1965
2023-02-11 19:13:27,031 - mmdet - INFO - Epoch [3][400/611]	lr: 1.216e-03, eta: 0:14:35, time: 0.270, data_time: 0.023, memory: 5032, loss_cls: 38.2121, loss_conf: 115.9665, loss_xy: 140.4790, loss_wh: 16.5585, loss: 311.2161, grad_norm: 756.0128
2023-02-11 19:13:40,555 - mmdet - INFO - Epoch [3][450/611]	lr: 1.253e-03, eta: 0:14:22, time: 0.270, data_time: 0.023, memory: 5032, loss_cls: 41.2974, loss_conf: 129.8765, loss_xy: 150.0819, loss_wh: 17.8681, loss: 339.1239, grad_norm: 789.9020
2023-02-11 19:13:53,998 - mmdet - INFO - Epoch [3][500/611]	lr: 1.291e-03, eta: 0:14:08, time: 0.269, data_time: 0.023, memory: 5032, loss_cls: 37.2534, loss_conf: 120.9278, loss_xy: 144.9108, loss_wh: 17.9561, loss: 321.0481, grad_norm: 783.0897
2023-02-11 19:14:07,457 - mmdet - INFO - Epoch [3][550/611]	lr: 1.328e-03, eta: 0:13:55, time: 0.269, data_time: 0.023, memory: 5032, loss_cls: 35.7714, loss_conf: 117.3235, loss_xy: 137.0887, loss_wh: 20.0975, loss: 310.2811, grad_norm: 767.9269
2023-02-11 19:14:20,866 - mmdet - INFO - Epoch [3][600/611]	lr: 1.366e-03, eta: 0:13:42, time: 0.268, data_time: 0.022, memory: 5032, loss_cls: 41.6624, loss_conf: 130.2743, loss_xy: 146.7124, loss_wh: 21.2777, loss: 339.9268, grad_norm: 882.4712
2023-02-11 19:14:23,874 - mmdet - INFO - Saving checkpoint at 3 epochs
2023-02-11 19:14:49,040 - mmdet - INFO - Evaluating bbox...
2023-02-11 19:14:52,431 - mmdet - INFO - 
 Average Precision  (AP) @[ IoU=0.50:0.95 | area=   all | maxDets=100 ] = 0.242
 Average Precision  (AP) @[ IoU=0.50      | area=   all | maxDets=1000 ] = 0.612
 Average Precision  (AP) @[ IoU=0.75      | area=   all | maxDets=1000 ] = 0.118
 Average Precision  (AP) @[ IoU=0.50:0.95 | area= small | maxDets=1000 ] = 0.035
 Average Precision  (AP) @[ IoU=0.50:0.95 | area=medium | maxDets=1000 ] = 0.116
 Average Precision  (AP) @[ IoU=0.50:0.95 | area= large | maxDets=1000 ] = 0.299
 Average Recall     (AR) @[ IoU=0.50:0.95 | area=   all | maxDets=100 ] = 0.380
 Average Recall     (AR) @[ IoU=0.50:0.95 | area=   all | maxDets=300 ] = 0.380
 Average Recall     (AR) @[ IoU=0.50:0.95 | area=   all | maxDets=1000 ] = 0.380
 Average Recall     (AR) @[ IoU=0.50:0.95 | area= small | maxDets=1000 ] = 0.128
 Average Recall     (AR) @[ IoU=0.50:0.95 | area=medium | maxDets=1000 ] = 0.259
 Average Recall     (AR) @[ IoU=0.50:0.95 | area= large | maxDets=1000 ] = 0.432

2023-02-11 19:14:52,486 - mmdet - INFO - Exp name: yolov3_mobilenetv2_VOC.py
2023-02-11 19:14:52,486 - mmdet - INFO - Epoch(val) [3][1449]	bbox_mAP: 0.2416, bbox_mAP_50: 0.6118, bbox_mAP_75: 0.1177, bbox_mAP_s: 0.0349, bbox_mAP_m: 0.1156, bbox_mAP_l: 0.2993, bbox_mAP_copypaste: 0.2416 0.6118 0.1177 0.0349 0.1156 0.2993
2023-02-11 19:15:08,817 - mmdet - INFO - Epoch [4][50/611]	lr: 1.412e-03, eta: 0:13:25, time: 0.326, data_time: 0.079, memory: 5032, loss_cls: 33.7371, loss_conf: 111.8970, loss_xy: 134.7579, loss_wh: 17.3204, loss: 297.7124, grad_norm: 741.2425
2023-02-11 19:15:23,059 - mmdet - INFO - Epoch [4][100/611]	lr: 1.449e-03, eta: 0:13:13, time: 0.285, data_time: 0.024, memory: 5032, loss_cls: 36.0390, loss_conf: 112.4310, loss_xy: 137.2522, loss_wh: 18.2200, loss: 303.9422, grad_norm: 748.1942
2023-02-11 19:15:36,339 - mmdet - INFO - Epoch [4][150/611]	lr: 1.487e-03, eta: 0:12:59, time: 0.266, data_time: 0.022, memory: 5032, loss_cls: 35.9171, loss_conf: 112.2061, loss_xy: 134.0586, loss_wh: 18.4339, loss: 300.6157, grad_norm: 732.0647
2023-02-11 19:15:49,637 - mmdet - INFO - Epoch [4][200/611]	lr: 1.524e-03, eta: 0:12:46, time: 0.266, data_time: 0.022, memory: 5032, loss_cls: 36.6910, loss_conf: 113.3622, loss_xy: 137.6639, loss_wh: 17.7464, loss: 305.4636, grad_norm: 718.1126
2023-02-11 19:16:03,091 - mmdet - INFO - Epoch [4][250/611]	lr: 1.562e-03, eta: 0:12:32, time: 0.269, data_time: 0.023, memory: 5032, loss_cls: 38.0167, loss_conf: 126.3675, loss_xy: 151.7876, loss_wh: 17.5915, loss: 333.7633, grad_norm: 760.7119
2023-02-11 19:16:16,578 - mmdet - INFO - Epoch [4][300/611]	lr: 1.599e-03, eta: 0:12:19, time: 0.270, data_time: 0.022, memory: 5032, loss_cls: 35.8936, loss_conf: 115.6333, loss_xy: 135.5180, loss_wh: 18.4559, loss: 305.5008, grad_norm: 736.5116
2023-02-11 19:16:29,785 - mmdet - INFO - Epoch [4][350/611]	lr: 1.637e-03, eta: 0:12:05, time: 0.264, data_time: 0.022, memory: 5032, loss_cls: 38.7669, loss_conf: 125.0220, loss_xy: 149.4511, loss_wh: 20.0872, loss: 333.3271, grad_norm: 810.2971
2023-02-11 19:16:43,076 - mmdet - INFO - Epoch [4][400/611]	lr: 1.674e-03, eta: 0:11:52, time: 0.266, data_time: 0.022, memory: 5032, loss_cls: 36.2522, loss_conf: 122.1644, loss_xy: 147.9664, loss_wh: 17.9307, loss: 324.3136, grad_norm: 753.8081
2023-02-11 19:16:56,557 - mmdet - INFO - Epoch [4][450/611]	lr: 1.712e-03, eta: 0:11:38, time: 0.270, data_time: 0.023, memory: 5032, loss_cls: 37.5813, loss_conf: 121.0296, loss_xy: 150.2071, loss_wh: 17.5383, loss: 326.3564, grad_norm: 733.4288
2023-02-11 19:17:10,072 - mmdet - INFO - Epoch [4][500/611]	lr: 1.749e-03, eta: 0:11:25, time: 0.270, data_time: 0.023, memory: 5032, loss_cls: 34.8066, loss_conf: 120.0733, loss_xy: 142.7264, loss_wh: 17.6408, loss: 315.2471, grad_norm: 720.0425
2023-02-11 19:17:23,354 - mmdet - INFO - Epoch [4][550/611]	lr: 1.787e-03, eta: 0:11:12, time: 0.266, data_time: 0.022, memory: 5032, loss_cls: 36.7894, loss_conf: 118.4341, loss_xy: 142.8313, loss_wh: 15.0325, loss: 313.0873, grad_norm: 740.5879
2023-02-11 19:17:36,624 - mmdet - INFO - Epoch [4][600/611]	lr: 1.824e-03, eta: 0:10:58, time: 0.265, data_time: 0.022, memory: 5032, loss_cls: 36.9306, loss_conf: 120.3549, loss_xy: 144.5494, loss_wh: 17.2371, loss: 319.0720, grad_norm: 725.7946
2023-02-11 19:17:39,605 - mmdet - INFO - Saving checkpoint at 4 epochs
2023-02-11 19:18:04,822 - mmdet - INFO - Evaluating bbox...
2023-02-11 19:18:08,241 - mmdet - INFO - 
 Average Precision  (AP) @[ IoU=0.50:0.95 | area=   all | maxDets=100 ] = 0.220
 Average Precision  (AP) @[ IoU=0.50      | area=   all | maxDets=1000 ] = 0.587
 Average Precision  (AP) @[ IoU=0.75      | area=   all | maxDets=1000 ] = 0.103
 Average Precision  (AP) @[ IoU=0.50:0.95 | area= small | maxDets=1000 ] = 0.064
 Average Precision  (AP) @[ IoU=0.50:0.95 | area=medium | maxDets=1000 ] = 0.134
 Average Precision  (AP) @[ IoU=0.50:0.95 | area= large | maxDets=1000 ] = 0.261
 Average Recall     (AR) @[ IoU=0.50:0.95 | area=   all | maxDets=100 ] = 0.363
 Average Recall     (AR) @[ IoU=0.50:0.95 | area=   all | maxDets=300 ] = 0.363
 Average Recall     (AR) @[ IoU=0.50:0.95 | area=   all | maxDets=1000 ] = 0.363
 Average Recall     (AR) @[ IoU=0.50:0.95 | area= small | maxDets=1000 ] = 0.146
 Average Recall     (AR) @[ IoU=0.50:0.95 | area=medium | maxDets=1000 ] = 0.271
 Average Recall     (AR) @[ IoU=0.50:0.95 | area= large | maxDets=1000 ] = 0.398

2023-02-11 19:18:08,300 - mmdet - INFO - Exp name: yolov3_mobilenetv2_VOC.py
2023-02-11 19:18:08,300 - mmdet - INFO - Epoch(val) [4][1449]	bbox_mAP: 0.2196, bbox_mAP_50: 0.5872, bbox_mAP_75: 0.1029, bbox_mAP_s: 0.0635, bbox_mAP_m: 0.1340, bbox_mAP_l: 0.2614, bbox_mAP_copypaste: 0.2196 0.5872 0.1029 0.0635 0.1340 0.2614
2023-02-11 19:18:24,275 - mmdet - INFO - Epoch [5][50/611]	lr: 1.870e-03, eta: 0:10:41, time: 0.319, data_time: 0.077, memory: 5032, loss_cls: 31.1034, loss_conf: 112.3043, loss_xy: 133.6356, loss_wh: 13.9234, loss: 290.9667, grad_norm: 705.7483
2023-02-11 19:18:37,557 - mmdet - INFO - Epoch [5][100/611]	lr: 1.907e-03, eta: 0:10:28, time: 0.266, data_time: 0.022, memory: 5032, loss_cls: 33.4482, loss_conf: 113.6840, loss_xy: 140.4837, loss_wh: 17.0491, loss: 304.6650, grad_norm: 695.6426
2023-02-11 19:18:50,865 - mmdet - INFO - Epoch [5][150/611]	lr: 1.945e-03, eta: 0:10:14, time: 0.266, data_time: 0.023, memory: 5032, loss_cls: 34.3982, loss_conf: 121.2839, loss_xy: 141.6074, loss_wh: 18.1280, loss: 315.4175, grad_norm: 688.6181
2023-02-11 19:19:04,123 - mmdet - INFO - Epoch [5][200/611]	lr: 1.982e-03, eta: 0:10:01, time: 0.265, data_time: 0.022, memory: 5032, loss_cls: 31.9363, loss_conf: 109.8307, loss_xy: 133.3261, loss_wh: 15.8814, loss: 290.9745, grad_norm: 683.6760
2023-02-11 19:19:17,480 - mmdet - INFO - Epoch [5][250/611]	lr: 2.020e-03, eta: 0:09:47, time: 0.267, data_time: 0.022, memory: 5032, loss_cls: 33.7510, loss_conf: 122.5697, loss_xy: 149.6814, loss_wh: 18.1411, loss: 324.1432, grad_norm: 673.0611
2023-02-11 19:19:30,661 - mmdet - INFO - Epoch [5][300/611]	lr: 2.057e-03, eta: 0:09:34, time: 0.264, data_time: 0.022, memory: 5032, loss_cls: 31.5241, loss_conf: 126.3841, loss_xy: 147.3548, loss_wh: 18.1700, loss: 323.4330, grad_norm: 704.4181
2023-02-11 19:19:43,864 - mmdet - INFO - Epoch [5][350/611]	lr: 2.095e-03, eta: 0:09:20, time: 0.264, data_time: 0.022, memory: 5032, loss_cls: 31.0483, loss_conf: 110.6872, loss_xy: 134.2502, loss_wh: 17.6908, loss: 293.6765, grad_norm: 645.6798
2023-02-11 19:19:57,175 - mmdet - INFO - Epoch [5][400/611]	lr: 2.132e-03, eta: 0:09:07, time: 0.266, data_time: 0.022, memory: 5032, loss_cls: 33.3455, loss_conf: 123.2738, loss_xy: 146.4429, loss_wh: 16.2085, loss: 319.2707, grad_norm: 691.6456
2023-02-11 19:20:10,474 - mmdet - INFO - Epoch [5][450/611]	lr: 2.170e-03, eta: 0:08:53, time: 0.266, data_time: 0.022, memory: 5032, loss_cls: 34.5348, loss_conf: 122.7995, loss_xy: 147.0676, loss_wh: 19.7266, loss: 324.1284, grad_norm: 680.9527
2023-02-11 19:20:23,673 - mmdet - INFO - Epoch [5][500/611]	lr: 2.207e-03, eta: 0:08:40, time: 0.264, data_time: 0.022, memory: 5032, loss_cls: 33.3050, loss_conf: 116.8897, loss_xy: 141.0205, loss_wh: 19.3231, loss: 310.5383, grad_norm: 684.8272
2023-02-11 19:20:37,016 - mmdet - INFO - Epoch [5][550/611]	lr: 2.245e-03, eta: 0:08:26, time: 0.267, data_time: 0.023, memory: 5032, loss_cls: 34.1842, loss_conf: 123.2679, loss_xy: 144.6308, loss_wh: 14.7258, loss: 316.8087, grad_norm: 712.7245
2023-02-11 19:20:50,449 - mmdet - INFO - Epoch [5][600/611]	lr: 2.282e-03, eta: 0:08:13, time: 0.269, data_time: 0.023, memory: 5032, loss_cls: 35.7390, loss_conf: 120.9544, loss_xy: 146.8565, loss_wh: 18.0122, loss: 321.5621, grad_norm: 675.9356
2023-02-11 19:20:53,517 - mmdet - INFO - Saving checkpoint at 5 epochs
2023-02-11 19:21:18,852 - mmdet - INFO - Evaluating bbox...
2023-02-11 19:21:22,031 - mmdet - INFO - 
 Average Precision  (AP) @[ IoU=0.50:0.95 | area=   all | maxDets=100 ] = 0.249
 Average Precision  (AP) @[ IoU=0.50      | area=   all | maxDets=1000 ] = 0.573
 Average Precision  (AP) @[ IoU=0.75      | area=   all | maxDets=1000 ] = 0.161
 Average Precision  (AP) @[ IoU=0.50:0.95 | area= small | maxDets=1000 ] = 0.051
 Average Precision  (AP) @[ IoU=0.50:0.95 | area=medium | maxDets=1000 ] = 0.107
 Average Precision  (AP) @[ IoU=0.50:0.95 | area= large | maxDets=1000 ] = 0.320
 Average Recall     (AR) @[ IoU=0.50:0.95 | area=   all | maxDets=100 ] = 0.379
 Average Recall     (AR) @[ IoU=0.50:0.95 | area=   all | maxDets=300 ] = 0.379
 Average Recall     (AR) @[ IoU=0.50:0.95 | area=   all | maxDets=1000 ] = 0.379
 Average Recall     (AR) @[ IoU=0.50:0.95 | area= small | maxDets=1000 ] = 0.138
 Average Recall     (AR) @[ IoU=0.50:0.95 | area=medium | maxDets=1000 ] = 0.230
 Average Recall     (AR) @[ IoU=0.50:0.95 | area= large | maxDets=1000 ] = 0.443

2023-02-11 19:21:22,087 - mmdet - INFO - Exp name: yolov3_mobilenetv2_VOC.py
2023-02-11 19:21:22,087 - mmdet - INFO - Epoch(val) [5][1449]	bbox_mAP: 0.2492, bbox_mAP_50: 0.5732, bbox_mAP_75: 0.1609, bbox_mAP_s: 0.0510, bbox_mAP_m: 0.1073, bbox_mAP_l: 0.3197, bbox_mAP_copypaste: 0.2492 0.5732 0.1609 0.0510 0.1073 0.3197
2023-02-11 19:21:38,007 - mmdet - INFO - Epoch [6][50/611]	lr: 2.328e-03, eta: 0:07:57, time: 0.318, data_time: 0.077, memory: 5032, loss_cls: 33.5671, loss_conf: 123.4859, loss_xy: 143.4639, loss_wh: 19.2773, loss: 319.7943, grad_norm: 693.9105
2023-02-11 19:21:51,172 - mmdet - INFO - Epoch [6][100/611]	lr: 2.366e-03, eta: 0:07:43, time: 0.263, data_time: 0.022, memory: 5032, loss_cls: 35.3224, loss_conf: 118.2290, loss_xy: 141.6963, loss_wh: 16.8990, loss: 312.1466, grad_norm: 657.3542
2023-02-11 19:22:04,344 - mmdet - INFO - Epoch [6][150/611]	lr: 2.403e-03, eta: 0:07:30, time: 0.263, data_time: 0.021, memory: 5032, loss_cls: 30.9685, loss_conf: 116.3882, loss_xy: 142.1019, loss_wh: 13.3816, loss: 302.8402, grad_norm: 636.9465
2023-02-11 19:22:17,586 - mmdet - INFO - Epoch [6][200/611]	lr: 2.441e-03, eta: 0:07:16, time: 0.265, data_time: 0.022, memory: 5032, loss_cls: 31.6607, loss_conf: 117.1250, loss_xy: 139.6844, loss_wh: 16.4772, loss: 304.9473, grad_norm: 649.6722
2023-02-11 19:22:30,826 - mmdet - INFO - Epoch [6][250/611]	lr: 2.478e-03, eta: 0:07:03, time: 0.265, data_time: 0.022, memory: 5032, loss_cls: 30.1647, loss_conf: 121.3239, loss_xy: 150.9973, loss_wh: 16.2965, loss: 318.7825, grad_norm: 630.2601
2023-02-11 19:22:44,000 - mmdet - INFO - Epoch [6][300/611]	lr: 2.516e-03, eta: 0:06:49, time: 0.263, data_time: 0.022, memory: 5032, loss_cls: 31.2536, loss_conf: 118.3743, loss_xy: 139.4941, loss_wh: 17.6821, loss: 306.8042, grad_norm: 675.8367
2023-02-11 19:22:57,257 - mmdet - INFO - Epoch [6][350/611]	lr: 2.553e-03, eta: 0:06:36, time: 0.265, data_time: 0.022, memory: 5032, loss_cls: 32.7142, loss_conf: 122.7758, loss_xy: 144.2420, loss_wh: 16.3056, loss: 316.0376, grad_norm: 642.2469
2023-02-11 19:23:10,573 - mmdet - INFO - Epoch [6][400/611]	lr: 2.591e-03, eta: 0:06:22, time: 0.266, data_time: 0.022, memory: 5032, loss_cls: 28.6644, loss_conf: 113.1543, loss_xy: 141.1863, loss_wh: 16.1721, loss: 299.1772, grad_norm: 609.0445
2023-02-11 19:23:23,929 - mmdet - INFO - Epoch [6][450/611]	lr: 2.628e-03, eta: 0:06:09, time: 0.267, data_time: 0.022, memory: 5032, loss_cls: 33.1670, loss_conf: 118.4622, loss_xy: 145.3342, loss_wh: 16.1789, loss: 313.1423, grad_norm: 650.9897
2023-02-11 19:23:37,308 - mmdet - INFO - Epoch [6][500/611]	lr: 2.666e-03, eta: 0:05:56, time: 0.268, data_time: 0.022, memory: 5032, loss_cls: 33.1042, loss_conf: 113.5269, loss_xy: 138.7945, loss_wh: 17.8086, loss: 303.2341, grad_norm: 637.8321
2023-02-11 19:23:50,602 - mmdet - INFO - Epoch [6][550/611]	lr: 2.703e-03, eta: 0:05:42, time: 0.266, data_time: 0.022, memory: 5032, loss_cls: 34.6544, loss_conf: 128.8828, loss_xy: 146.0163, loss_wh: 18.5561, loss: 328.1097, grad_norm: 687.0746
2023-02-11 19:24:03,981 - mmdet - INFO - Epoch [6][600/611]	lr: 2.741e-03, eta: 0:05:29, time: 0.268, data_time: 0.023, memory: 5032, loss_cls: 34.7003, loss_conf: 123.0722, loss_xy: 145.4990, loss_wh: 16.0587, loss: 319.3302, grad_norm: 632.3869
2023-02-11 19:24:06,916 - mmdet - INFO - Saving checkpoint at 6 epochs
2023-02-11 19:24:32,743 - mmdet - INFO - Evaluating bbox...
2023-02-11 19:24:35,836 - mmdet - INFO - 
 Average Precision  (AP) @[ IoU=0.50:0.95 | area=   all | maxDets=100 ] = 0.193
 Average Precision  (AP) @[ IoU=0.50      | area=   all | maxDets=1000 ] = 0.524
 Average Precision  (AP) @[ IoU=0.75      | area=   all | maxDets=1000 ] = 0.092
 Average Precision  (AP) @[ IoU=0.50:0.95 | area= small | maxDets=1000 ] = 0.029
 Average Precision  (AP) @[ IoU=0.50:0.95 | area=medium | maxDets=1000 ] = 0.116
 Average Precision  (AP) @[ IoU=0.50:0.95 | area= large | maxDets=1000 ] = 0.235
 Average Recall     (AR) @[ IoU=0.50:0.95 | area=   all | maxDets=100 ] = 0.331
 Average Recall     (AR) @[ IoU=0.50:0.95 | area=   all | maxDets=300 ] = 0.331
 Average Recall     (AR) @[ IoU=0.50:0.95 | area=   all | maxDets=1000 ] = 0.331
 Average Recall     (AR) @[ IoU=0.50:0.95 | area= small | maxDets=1000 ] = 0.099
 Average Recall     (AR) @[ IoU=0.50:0.95 | area=medium | maxDets=1000 ] = 0.244
 Average Recall     (AR) @[ IoU=0.50:0.95 | area= large | maxDets=1000 ] = 0.372

2023-02-11 19:24:35,888 - mmdet - INFO - Exp name: yolov3_mobilenetv2_VOC.py
2023-02-11 19:24:35,888 - mmdet - INFO - Epoch(val) [6][1449]	bbox_mAP: 0.1926, bbox_mAP_50: 0.5239, bbox_mAP_75: 0.0922, bbox_mAP_s: 0.0294, bbox_mAP_m: 0.1162, bbox_mAP_l: 0.2347, bbox_mAP_copypaste: 0.1926 0.5239 0.0922 0.0294 0.1162 0.2347
2023-02-11 19:24:51,942 - mmdet - INFO - Epoch [7][50/611]	lr: 2.786e-03, eta: 0:05:13, time: 0.321, data_time: 0.078, memory: 5032, loss_cls: 32.8199, loss_conf: 125.2705, loss_xy: 142.9963, loss_wh: 13.8602, loss: 314.9469, grad_norm: 621.4012
2023-02-11 19:25:05,336 - mmdet - INFO - Epoch [7][100/611]	lr: 2.824e-03, eta: 0:04:59, time: 0.268, data_time: 0.024, memory: 5032, loss_cls: 33.6546, loss_conf: 127.6115, loss_xy: 147.5385, loss_wh: 15.1143, loss: 323.9189, grad_norm: 679.2388
2023-02-11 19:25:18,947 - mmdet - INFO - Epoch [7][150/611]	lr: 2.861e-03, eta: 0:04:46, time: 0.272, data_time: 0.024, memory: 5032, loss_cls: 34.7221, loss_conf: 119.1972, loss_xy: 137.9365, loss_wh: 15.3364, loss: 307.1921, grad_norm: 615.4020
2023-02-11 19:25:32,220 - mmdet - INFO - Epoch [7][200/611]	lr: 2.899e-03, eta: 0:04:33, time: 0.265, data_time: 0.022, memory: 5032, loss_cls: 34.9425, loss_conf: 121.0636, loss_xy: 142.7910, loss_wh: 14.1480, loss: 312.9450, grad_norm: 614.8883
2023-02-11 19:25:45,749 - mmdet - INFO - Epoch [7][250/611]	lr: 2.936e-03, eta: 0:04:19, time: 0.271, data_time: 0.024, memory: 5032, loss_cls: 32.6182, loss_conf: 118.4959, loss_xy: 137.6976, loss_wh: 13.0411, loss: 301.8528, grad_norm: 615.8091
2023-02-11 19:25:59,292 - mmdet - INFO - Epoch [7][300/611]	lr: 2.974e-03, eta: 0:04:06, time: 0.271, data_time: 0.024, memory: 5032, loss_cls: 37.1857, loss_conf: 128.5396, loss_xy: 148.8778, loss_wh: 15.5384, loss: 330.1415, grad_norm: 647.6073
2023-02-11 19:26:12,701 - mmdet - INFO - Epoch [7][350/611]	lr: 3.000e-03, eta: 0:03:53, time: 0.268, data_time: 0.023, memory: 5032, loss_cls: 34.5691, loss_conf: 123.1307, loss_xy: 144.8175, loss_wh: 15.2886, loss: 317.8058, grad_norm: 626.5575
2023-02-11 19:26:26,174 - mmdet - INFO - Epoch [7][400/611]	lr: 3.000e-03, eta: 0:03:39, time: 0.269, data_time: 0.024, memory: 5032, loss_cls: 34.7728, loss_conf: 126.4051, loss_xy: 150.1799, loss_wh: 24.8943, loss: 336.2523, grad_norm: 675.8627
2023-02-11 19:26:39,690 - mmdet - INFO - Epoch [7][450/611]	lr: 3.000e-03, eta: 0:03:26, time: 0.270, data_time: 0.023, memory: 5032, loss_cls: 37.2908, loss_conf: 128.7264, loss_xy: 143.1401, loss_wh: 16.9577, loss: 326.1150, grad_norm: 666.5853
2023-02-11 19:26:53,085 - mmdet - INFO - Epoch [7][500/611]	lr: 3.000e-03, eta: 0:03:13, time: 0.268, data_time: 0.022, memory: 5032, loss_cls: 33.6988, loss_conf: 121.0296, loss_xy: 139.4034, loss_wh: 16.2544, loss: 310.3862, grad_norm: 583.7386
2023-02-11 19:27:06,423 - mmdet - INFO - Epoch [7][550/611]	lr: 3.000e-03, eta: 0:02:59, time: 0.267, data_time: 0.022, memory: 5032, loss_cls: 29.6134, loss_conf: 109.0489, loss_xy: 132.1539, loss_wh: 12.8372, loss: 283.6534, grad_norm: 558.6628
2023-02-11 19:27:19,724 - mmdet - INFO - Epoch [7][600/611]	lr: 3.000e-03, eta: 0:02:46, time: 0.266, data_time: 0.023, memory: 5032, loss_cls: 34.0149, loss_conf: 129.7428, loss_xy: 147.0486, loss_wh: 14.1623, loss: 324.9686, grad_norm: 632.0849
2023-02-11 19:27:22,703 - mmdet - INFO - Saving checkpoint at 7 epochs
2023-02-11 19:27:47,896 - mmdet - INFO - Evaluating bbox...
2023-02-11 19:27:51,211 - mmdet - INFO - 
 Average Precision  (AP) @[ IoU=0.50:0.95 | area=   all | maxDets=100 ] = 0.149
 Average Precision  (AP) @[ IoU=0.50      | area=   all | maxDets=1000 ] = 0.432
 Average Precision  (AP) @[ IoU=0.75      | area=   all | maxDets=1000 ] = 0.061
 Average Precision  (AP) @[ IoU=0.50:0.95 | area= small | maxDets=1000 ] = 0.034
 Average Precision  (AP) @[ IoU=0.50:0.95 | area=medium | maxDets=1000 ] = 0.107
 Average Precision  (AP) @[ IoU=0.50:0.95 | area= large | maxDets=1000 ] = 0.179
 Average Recall     (AR) @[ IoU=0.50:0.95 | area=   all | maxDets=100 ] = 0.298
 Average Recall     (AR) @[ IoU=0.50:0.95 | area=   all | maxDets=300 ] = 0.298
 Average Recall     (AR) @[ IoU=0.50:0.95 | area=   all | maxDets=1000 ] = 0.298
 Average Recall     (AR) @[ IoU=0.50:0.95 | area= small | maxDets=1000 ] = 0.104
 Average Recall     (AR) @[ IoU=0.50:0.95 | area=medium | maxDets=1000 ] = 0.224
 Average Recall     (AR) @[ IoU=0.50:0.95 | area= large | maxDets=1000 ] = 0.328

2023-02-11 19:27:51,270 - mmdet - INFO - Exp name: yolov3_mobilenetv2_VOC.py
2023-02-11 19:27:51,270 - mmdet - INFO - Epoch(val) [7][1449]	bbox_mAP: 0.1485, bbox_mAP_50: 0.4324, bbox_mAP_75: 0.0613, bbox_mAP_s: 0.0338, bbox_mAP_m: 0.1072, bbox_mAP_l: 0.1795, bbox_mAP_copypaste: 0.1485 0.4324 0.0613 0.0338 0.1072 0.1795
2023-02-11 19:28:07,260 - mmdet - INFO - Epoch [8][50/611]	lr: 3.000e-03, eta: 0:02:29, time: 0.320, data_time: 0.077, memory: 5032, loss_cls: 31.7763, loss_conf: 115.2642, loss_xy: 138.8428, loss_wh: 15.0761, loss: 300.9594, grad_norm: 565.4609
2023-02-11 19:28:20,468 - mmdet - INFO - Epoch [8][100/611]	lr: 3.000e-03, eta: 0:02:16, time: 0.264, data_time: 0.022, memory: 5032, loss_cls: 32.5207, loss_conf: 126.5850, loss_xy: 148.6375, loss_wh: 13.6732, loss: 321.4164, grad_norm: 598.3123
2023-02-11 19:28:33,778 - mmdet - INFO - Epoch [8][150/611]	lr: 3.000e-03, eta: 0:02:03, time: 0.266, data_time: 0.022, memory: 5032, loss_cls: 31.0271, loss_conf: 124.3244, loss_xy: 146.4357, loss_wh: 13.7873, loss: 315.5744, grad_norm: 589.5716
2023-02-11 19:28:47,031 - mmdet - INFO - Epoch [8][200/611]	lr: 3.000e-03, eta: 0:01:49, time: 0.265, data_time: 0.022, memory: 5032, loss_cls: 28.1640, loss_conf: 115.5701, loss_xy: 138.1002, loss_wh: 12.2552, loss: 294.0894, grad_norm: 589.7385
2023-02-11 19:29:00,247 - mmdet - INFO - Epoch [8][250/611]	lr: 3.000e-03, eta: 0:01:36, time: 0.264, data_time: 0.022, memory: 5032, loss_cls: 30.3796, loss_conf: 116.8251, loss_xy: 140.8570, loss_wh: 13.1569, loss: 301.2186, grad_norm: 566.5921
2023-02-11 19:29:13,558 - mmdet - INFO - Epoch [8][300/611]	lr: 3.000e-03, eta: 0:01:23, time: 0.266, data_time: 0.022, memory: 5032, loss_cls: 34.6416, loss_conf: 125.2975, loss_xy: 148.5038, loss_wh: 14.2501, loss: 322.6930, grad_norm: 611.3594
2023-02-11 19:29:26,823 - mmdet - INFO - Epoch [8][350/611]	lr: 3.000e-03, eta: 0:01:09, time: 0.265, data_time: 0.022, memory: 5032, loss_cls: 33.1161, loss_conf: 118.5429, loss_xy: 141.5219, loss_wh: 13.9412, loss: 307.1222, grad_norm: 573.2392
2023-02-11 19:29:40,075 - mmdet - INFO - Epoch [8][400/611]	lr: 3.000e-03, eta: 0:00:56, time: 0.265, data_time: 0.022, memory: 5032, loss_cls: 32.7155, loss_conf: 117.0951, loss_xy: 138.3516, loss_wh: 12.3270, loss: 300.4893, grad_norm: 617.2260
2023-02-11 19:29:53,285 - mmdet - INFO - Epoch [8][450/611]	lr: 3.000e-03, eta: 0:00:42, time: 0.264, data_time: 0.022, memory: 5032, loss_cls: 35.2037, loss_conf: 130.1515, loss_xy: 151.6055, loss_wh: 14.9280, loss: 331.8887, grad_norm: 611.9512
2023-02-11 19:30:06,534 - mmdet - INFO - Epoch [8][500/611]	lr: 3.000e-03, eta: 0:00:29, time: 0.265, data_time: 0.022, memory: 5032, loss_cls: 30.3799, loss_conf: 116.0239, loss_xy: 142.1507, loss_wh: 11.7459, loss: 300.3004, grad_norm: 582.7476
2023-02-11 19:30:19,795 - mmdet - INFO - Epoch [8][550/611]	lr: 3.000e-03, eta: 0:00:16, time: 0.265, data_time: 0.023, memory: 5032, loss_cls: 30.6425, loss_conf: 118.5405, loss_xy: 142.3000, loss_wh: 13.2774, loss: 304.7604, grad_norm: 596.8827
2023-02-11 19:30:33,173 - mmdet - INFO - Epoch [8][600/611]	lr: 3.000e-03, eta: 0:00:02, time: 0.268, data_time: 0.023, memory: 5032, loss_cls: 29.1761, loss_conf: 120.0284, loss_xy: 145.2179, loss_wh: 14.7945, loss: 309.2169, grad_norm: 568.1529
2023-02-11 19:30:36,139 - mmdet - INFO - Saving checkpoint at 8 epochs
2023-02-11 19:31:01,639 - mmdet - INFO - Evaluating bbox...
2023-02-11 19:31:04,913 - mmdet - INFO - 
 Average Precision  (AP) @[ IoU=0.50:0.95 | area=   all | maxDets=100 ] = 0.198
 Average Precision  (AP) @[ IoU=0.50      | area=   all | maxDets=1000 ] = 0.511
 Average Precision  (AP) @[ IoU=0.75      | area=   all | maxDets=1000 ] = 0.108
 Average Precision  (AP) @[ IoU=0.50:0.95 | area= small | maxDets=1000 ] = 0.048
 Average Precision  (AP) @[ IoU=0.50:0.95 | area=medium | maxDets=1000 ] = 0.088
 Average Precision  (AP) @[ IoU=0.50:0.95 | area= large | maxDets=1000 ] = 0.256
 Average Recall     (AR) @[ IoU=0.50:0.95 | area=   all | maxDets=100 ] = 0.342
 Average Recall     (AR) @[ IoU=0.50:0.95 | area=   all | maxDets=300 ] = 0.342
 Average Recall     (AR) @[ IoU=0.50:0.95 | area=   all | maxDets=1000 ] = 0.342
 Average Recall     (AR) @[ IoU=0.50:0.95 | area= small | maxDets=1000 ] = 0.114
 Average Recall     (AR) @[ IoU=0.50:0.95 | area=medium | maxDets=1000 ] = 0.198
 Average Recall     (AR) @[ IoU=0.50:0.95 | area= large | maxDets=1000 ] = 0.402

2023-02-11 19:31:04,973 - mmdet - INFO - Exp name: yolov3_mobilenetv2_VOC.py
2023-02-11 19:31:04,974 - mmdet - INFO - Epoch(val) [8][1449]	bbox_mAP: 0.1978, bbox_mAP_50: 0.5113, bbox_mAP_75: 0.1079, bbox_mAP_s: 0.0482, bbox_mAP_m: 0.0879, bbox_mAP_l: 0.2558, bbox_mAP_copypaste: 0.1978 0.5113 0.1079 0.0482 0.0879 0.2558
